[1.176s] Invoking command in '/home/emitaker/ros2_ws/src/basic_comm': PYTHONPATH=/home/emitaker/ros2_ws/build/basic_comm/prefix_override:/home/emitaker/.local/lib/python3.10/site-packages/colcon_core/task/python/colcon_distutils_commands:/home/emitaker/ros2_ws/install/basic_comm/lib/python3.10/site-packages:${PYTHONPATH} /usr/bin/python3 -W ignore:setup.py install is deprecated setup.py egg_info --egg-base ../../build/basic_comm build --build-base /home/emitaker/ros2_ws/build/basic_comm/build install --record /home/emitaker/ros2_ws/build/basic_comm/install.log --single-version-externally-managed install_data
[1.455s] running egg_info
[1.458s] writing ../../build/basic_comm/basic_comm.egg-info/PKG-INFO
[1.459s] writing dependency_links to ../../build/basic_comm/basic_comm.egg-info/dependency_links.txt
[1.460s] writing entry points to ../../build/basic_comm/basic_comm.egg-info/entry_points.txt
[1.460s] writing requirements to ../../build/basic_comm/basic_comm.egg-info/requires.txt
[1.460s] writing top-level names to ../../build/basic_comm/basic_comm.egg-info/top_level.txt
[1.464s] reading manifest file '../../build/basic_comm/basic_comm.egg-info/SOURCES.txt'
[1.465s] writing manifest file '../../build/basic_comm/basic_comm.egg-info/SOURCES.txt'
[1.466s] running build
[1.466s] running build_py
[1.466s] running install
[1.467s] running install_lib
[1.469s] running install_data
[1.469s] running install_egg_info
[1.472s] removing '/home/emitaker/ros2_ws/install/basic_comm/lib/python3.10/site-packages/basic_comm-0.0.0-py3.10.egg-info' (and everything under it)
[1.474s] Copying ../../build/basic_comm/basic_comm.egg-info to /home/emitaker/ros2_ws/install/basic_comm/lib/python3.10/site-packages/basic_comm-0.0.0-py3.10.egg-info
[1.476s] running install_scripts
[1.505s] Installing listener script to /home/emitaker/ros2_ws/install/basic_comm/lib/basic_comm
[1.505s] Installing talker script to /home/emitaker/ros2_ws/install/basic_comm/lib/basic_comm
[1.506s] writing list of installed files to '/home/emitaker/ros2_ws/build/basic_comm/install.log'
[1.549s] Invoked command in '/home/emitaker/ros2_ws/src/basic_comm' returned '0': PYTHONPATH=/home/emitaker/ros2_ws/build/basic_comm/prefix_override:/home/emitaker/.local/lib/python3.10/site-packages/colcon_core/task/python/colcon_distutils_commands:/home/emitaker/ros2_ws/install/basic_comm/lib/python3.10/site-packages:${PYTHONPATH} /usr/bin/python3 -W ignore:setup.py install is deprecated setup.py egg_info --egg-base ../../build/basic_comm build --build-base /home/emitaker/ros2_ws/build/basic_comm/build install --record /home/emitaker/ros2_ws/build/basic_comm/install.log --single-version-externally-managed install_data
