[2.084s] Invoking command in '/home/emitaker/ros2_ws/src/basic_comm': PYTHONPATH=/home/emitaker/ros2_ws/build/basic_comm/prefix_override:/home/emitaker/.local/lib/python3.10/site-packages/colcon_core/task/python/colcon_distutils_commands:/home/emitaker/ros2_ws/install/basic_comm/lib/python3.10/site-packages:${PYTHONPATH} /usr/bin/python3 -W ignore:setup.py install is deprecated setup.py egg_info --egg-base ../../build/basic_comm build --build-base /home/emitaker/ros2_ws/build/basic_comm/build install --record /home/emitaker/ros2_ws/build/basic_comm/install.log --single-version-externally-managed install_data
[2.701s] running egg_info
[2.703s] creating ../../build/basic_comm/basic_comm.egg-info
[2.704s] writing ../../build/basic_comm/basic_comm.egg-info/PKG-INFO
[2.706s] writing dependency_links to ../../build/basic_comm/basic_comm.egg-info/dependency_links.txt
[2.706s] writing entry points to ../../build/basic_comm/basic_comm.egg-info/entry_points.txt
[2.708s] writing requirements to ../../build/basic_comm/basic_comm.egg-info/requires.txt
[2.709s] writing top-level names to ../../build/basic_comm/basic_comm.egg-info/top_level.txt
[2.710s] writing manifest file '../../build/basic_comm/basic_comm.egg-info/SOURCES.txt'
[2.715s] reading manifest file '../../build/basic_comm/basic_comm.egg-info/SOURCES.txt'
[2.718s] writing manifest file '../../build/basic_comm/basic_comm.egg-info/SOURCES.txt'
[2.719s] running build
[2.719s] running build_py
[2.719s] creating /home/emitaker/ros2_ws/build/basic_comm/build
[2.720s] creating /home/emitaker/ros2_ws/build/basic_comm/build/lib
[2.720s] creating /home/emitaker/ros2_ws/build/basic_comm/build/lib/basic_comm
[2.722s] copying basic_comm/talker.py -> /home/emitaker/ros2_ws/build/basic_comm/build/lib/basic_comm
[2.722s] copying basic_comm/__init__.py -> /home/emitaker/ros2_ws/build/basic_comm/build/lib/basic_comm
[2.723s] running install
[2.725s] running install_lib
[2.727s] creating /home/emitaker/ros2_ws/install/basic_comm/lib/python3.10/site-packages/basic_comm
[2.728s] copying /home/emitaker/ros2_ws/build/basic_comm/build/lib/basic_comm/talker.py -> /home/emitaker/ros2_ws/install/basic_comm/lib/python3.10/site-packages/basic_comm
[2.730s] copying /home/emitaker/ros2_ws/build/basic_comm/build/lib/basic_comm/__init__.py -> /home/emitaker/ros2_ws/install/basic_comm/lib/python3.10/site-packages/basic_comm
[2.731s] byte-compiling /home/emitaker/ros2_ws/install/basic_comm/lib/python3.10/site-packages/basic_comm/talker.py to talker.cpython-310.pyc
[2.734s] byte-compiling /home/emitaker/ros2_ws/install/basic_comm/lib/python3.10/site-packages/basic_comm/__init__.py to __init__.cpython-310.pyc
[2.734s] running install_data
[2.734s] creating /home/emitaker/ros2_ws/install/basic_comm/share/ament_index
[2.735s] creating /home/emitaker/ros2_ws/install/basic_comm/share/ament_index/resource_index
[2.735s] creating /home/emitaker/ros2_ws/install/basic_comm/share/ament_index/resource_index/packages
[2.736s] copying resource/basic_comm -> /home/emitaker/ros2_ws/install/basic_comm/share/ament_index/resource_index/packages
[2.736s] copying package.xml -> /home/emitaker/ros2_ws/install/basic_comm/share/basic_comm
[2.737s] running install_egg_info
[2.746s] Copying ../../build/basic_comm/basic_comm.egg-info to /home/emitaker/ros2_ws/install/basic_comm/lib/python3.10/site-packages/basic_comm-0.0.0-py3.10.egg-info
[2.755s] running install_scripts
[2.942s] Installing hablador script to /home/emitaker/ros2_ws/install/basic_comm/lib/basic_comm
[2.945s] writing list of installed files to '/home/emitaker/ros2_ws/build/basic_comm/install.log'
[3.043s] Invoked command in '/home/emitaker/ros2_ws/src/basic_comm' returned '0': PYTHONPATH=/home/emitaker/ros2_ws/build/basic_comm/prefix_override:/home/emitaker/.local/lib/python3.10/site-packages/colcon_core/task/python/colcon_distutils_commands:/home/emitaker/ros2_ws/install/basic_comm/lib/python3.10/site-packages:${PYTHONPATH} /usr/bin/python3 -W ignore:setup.py install is deprecated setup.py egg_info --egg-base ../../build/basic_comm build --build-base /home/emitaker/ros2_ws/build/basic_comm/build install --record /home/emitaker/ros2_ws/build/basic_comm/install.log --single-version-externally-managed install_data
