[1.047s] Invoking command in '/home/emitaker/ros2_ws/src/basic_comm': PYTHONPATH=/home/emitaker/ros2_ws/build/basic_comm/prefix_override:/home/emitaker/.local/lib/python3.10/site-packages/colcon_core/task/python/colcon_distutils_commands:/home/emitaker/ros2_ws/install/basic_comm/lib/python3.10/site-packages:${PYTHONPATH} /usr/bin/python3 -W ignore:setup.py install is deprecated setup.py egg_info --egg-base ../../build/basic_comm build --build-base /home/emitaker/ros2_ws/build/basic_comm/build install --record /home/emitaker/ros2_ws/build/basic_comm/install.log --single-version-externally-managed install_data
[1.317s] running egg_info
[1.318s] writing ../../build/basic_comm/basic_comm.egg-info/PKG-INFO
[1.319s] writing dependency_links to ../../build/basic_comm/basic_comm.egg-info/dependency_links.txt
[1.319s] writing entry points to ../../build/basic_comm/basic_comm.egg-info/entry_points.txt
[1.320s] writing requirements to ../../build/basic_comm/basic_comm.egg-info/requires.txt
[1.320s] writing top-level names to ../../build/basic_comm/basic_comm.egg-info/top_level.txt
[1.322s] reading manifest file '../../build/basic_comm/basic_comm.egg-info/SOURCES.txt'
[1.323s] writing manifest file '../../build/basic_comm/basic_comm.egg-info/SOURCES.txt'
[1.323s] running build
[1.324s] running build_py
[1.324s] running install
[1.324s] running install_lib
[1.326s] running install_data
[1.326s] running install_egg_info
[1.328s] removing '/home/emitaker/ros2_ws/install/basic_comm/lib/python3.10/site-packages/basic_comm-0.0.0-py3.10.egg-info' (and everything under it)
[1.329s] Copying ../../build/basic_comm/basic_comm.egg-info to /home/emitaker/ros2_ws/install/basic_comm/lib/python3.10/site-packages/basic_comm-0.0.0-py3.10.egg-info
[1.330s] running install_scripts
[1.359s] Installing listener script to /home/emitaker/ros2_ws/install/basic_comm/lib/basic_comm
[1.359s] Installing talker script to /home/emitaker/ros2_ws/install/basic_comm/lib/basic_comm
[1.360s] writing list of installed files to '/home/emitaker/ros2_ws/build/basic_comm/install.log'
[1.405s] Invoked command in '/home/emitaker/ros2_ws/src/basic_comm' returned '0': PYTHONPATH=/home/emitaker/ros2_ws/build/basic_comm/prefix_override:/home/emitaker/.local/lib/python3.10/site-packages/colcon_core/task/python/colcon_distutils_commands:/home/emitaker/ros2_ws/install/basic_comm/lib/python3.10/site-packages:${PYTHONPATH} /usr/bin/python3 -W ignore:setup.py install is deprecated setup.py egg_info --egg-base ../../build/basic_comm build --build-base /home/emitaker/ros2_ws/build/basic_comm/build install --record /home/emitaker/ros2_ws/build/basic_comm/install.log --single-version-externally-managed install_data
