[3.405s] Invoking command in '/home/emitaker/ros2_ws/src/basic_comm': PYTHONPATH=/home/emitaker/ros2_ws/build/basic_comm/prefix_override:/home/emitaker/.local/lib/python3.10/site-packages/colcon_core/task/python/colcon_distutils_commands:/home/emitaker/ros2_ws/install/basic_comm/lib/python3.10/site-packages:${PYTHONPATH} /usr/bin/python3 -W ignore:setup.py install is deprecated setup.py egg_info --egg-base ../../build/basic_comm build --build-base /home/emitaker/ros2_ws/build/basic_comm/build install --record /home/emitaker/ros2_ws/build/basic_comm/install.log --single-version-externally-managed install_data
[4.554s] running egg_info
[4.558s] writing ../../build/basic_comm/basic_comm.egg-info/PKG-INFO
[4.561s] writing dependency_links to ../../build/basic_comm/basic_comm.egg-info/dependency_links.txt
[4.563s] writing entry points to ../../build/basic_comm/basic_comm.egg-info/entry_points.txt
[4.564s] writing requirements to ../../build/basic_comm/basic_comm.egg-info/requires.txt
[4.566s] writing top-level names to ../../build/basic_comm/basic_comm.egg-info/top_level.txt
[4.576s] reading manifest file '../../build/basic_comm/basic_comm.egg-info/SOURCES.txt'
[4.580s] writing manifest file '../../build/basic_comm/basic_comm.egg-info/SOURCES.txt'
[4.581s] running build
[4.581s] running build_py
[4.583s] running install
[4.583s] running install_lib
[4.591s] running install_data
[4.593s] running install_egg_info
[4.606s] removing '/home/emitaker/ros2_ws/install/basic_comm/lib/python3.10/site-packages/basic_comm-0.0.0-py3.10.egg-info' (and everything under it)
[4.615s] Copying ../../build/basic_comm/basic_comm.egg-info to /home/emitaker/ros2_ws/install/basic_comm/lib/python3.10/site-packages/basic_comm-0.0.0-py3.10.egg-info
[4.624s] running install_scripts
[4.736s] Installing listener script to /home/emitaker/ros2_ws/install/basic_comm/lib/basic_comm
[4.739s] Installing talker script to /home/emitaker/ros2_ws/install/basic_comm/lib/basic_comm
[4.741s] writing list of installed files to '/home/emitaker/ros2_ws/build/basic_comm/install.log'
[4.837s] Invoked command in '/home/emitaker/ros2_ws/src/basic_comm' returned '0': PYTHONPATH=/home/emitaker/ros2_ws/build/basic_comm/prefix_override:/home/emitaker/.local/lib/python3.10/site-packages/colcon_core/task/python/colcon_distutils_commands:/home/emitaker/ros2_ws/install/basic_comm/lib/python3.10/site-packages:${PYTHONPATH} /usr/bin/python3 -W ignore:setup.py install is deprecated setup.py egg_info --egg-base ../../build/basic_comm build --build-base /home/emitaker/ros2_ws/build/basic_comm/build install --record /home/emitaker/ros2_ws/build/basic_comm/install.log --single-version-externally-managed install_data
