[0.025s] Invoking command in '/home/emitaker/ros2_ws/build/turtlesim': CMAKE_PREFIX_PATH=/opt/ros/humble /usr/bin/cmake /home/emitaker/ros2_ws/src/ros_tutorials/turtlesim -DCMAKE_INSTALL_PREFIX=/home/emitaker/ros2_ws/install/turtlesim
[0.672s] -- The C compiler identification is GNU 11.4.0
[0.926s] -- The CXX compiler identification is GNU 11.4.0
[0.953s] -- Detecting C compiler ABI info
[1.123s] -- Detecting C compiler ABI info - done
[1.132s] -- Check for working C compiler: /usr/bin/cc - skipped
[1.132s] -- Detecting C compile features
[1.137s] -- Detecting C compile features - done
[1.143s] -- Detecting CXX compiler ABI info
[1.278s] -- Detecting CXX compiler ABI info - done
[1.287s] -- Check for working CXX compiler: /usr/bin/c++ - skipped
[1.287s] -- Detecting CXX compile features
[1.288s] -- Detecting CXX compile features - done
[1.344s] -- Found ament_cmake: 1.3.10 (/opt/ros/humble/share/ament_cmake/cmake)
[1.583s] -- Found Python3: /usr/bin/python3 (found version "3.10.12") found components: Interpreter 
[1.808s] -- Found ament_index_cpp: 1.4.0 (/opt/ros/humble/share/ament_index_cpp/cmake)
[1.816s] -- Found geometry_msgs: 4.2.4 (/opt/ros/humble/share/geometry_msgs/cmake)
[1.980s] -- Found rosidl_generator_c: 3.1.5 (/opt/ros/humble/share/rosidl_generator_c/cmake)
[1.999s] -- Found rosidl_adapter: 3.1.5 (/opt/ros/humble/share/rosidl_adapter/cmake)
[2.029s] -- Found rosidl_generator_cpp: 3.1.5 (/opt/ros/humble/share/rosidl_generator_cpp/cmake)
[2.102s] -- Using all available rosidl_typesupport_c: rosidl_typesupport_fastrtps_c;rosidl_typesupport_introspection_c
[2.173s] -- Using all available rosidl_typesupport_cpp: rosidl_typesupport_fastrtps_cpp;rosidl_typesupport_introspection_cpp
[2.370s] -- Found rclcpp: 16.0.10 (/opt/ros/humble/share/rclcpp/cmake)
[2.481s] -- Found rmw_implementation_cmake: 6.1.2 (/opt/ros/humble/share/rmw_implementation_cmake/cmake)
[2.486s] -- Found rmw_fastrtps_cpp: 6.2.7 (/opt/ros/humble/share/rmw_fastrtps_cpp/cmake)
[2.708s] -- Found OpenSSL: /usr/lib/x86_64-linux-gnu/libcrypto.so (found version "3.0.2")  
[2.750s] -- Found FastRTPS: /opt/ros/humble/include  
[2.803s] -- Using RMW implementation 'rmw_fastrtps_cpp' as default
[2.836s] -- Looking for pthread.h
[3.002s] -- Looking for pthread.h - found
[3.002s] -- Performing Test CMAKE_HAVE_LIBC_PTHREAD
[3.125s] -- Performing Test CMAKE_HAVE_LIBC_PTHREAD - Success
[3.127s] -- Found Threads: TRUE  
[3.211s] -- Found rclcpp_action: 16.0.10 (/opt/ros/humble/share/rclcpp_action/cmake)
[3.309s] -- Found rosidl_default_generators: 1.2.0 (/opt/ros/humble/share/rosidl_default_generators/cmake)
[3.334s] -- Found std_srvs: 4.2.4 (/opt/ros/humble/share/std_srvs/cmake)
[3.779s] -- Found ament_cmake_ros: 0.10.0 (/opt/ros/humble/share/ament_cmake_ros/cmake)
[4.220s] -- Using all available rosidl_typesupport_c: rosidl_typesupport_fastrtps_c;rosidl_typesupport_introspection_c
[4.387s] -- Using all available rosidl_typesupport_cpp: rosidl_typesupport_fastrtps_cpp;rosidl_typesupport_introspection_cpp
[4.424s] -- Found PythonInterp: /usr/bin/python3 (found suitable version "3.10.12", minimum required is "3.6") 
[4.429s] -- Found python_cmake_module: 0.10.0 (/opt/ros/humble/share/python_cmake_module/cmake)
[4.477s] -- Found PythonLibs: /usr/lib/x86_64-linux-gnu/libpython3.10.so (found suitable version "3.10.12", minimum required is "3.5") 
[4.477s] -- Using PYTHON_EXECUTABLE: /usr/bin/python3
[4.477s] -- Using PYTHON_INCLUDE_DIRS: /usr/include/python3.10
[4.477s] -- Using PYTHON_LIBRARIES: /usr/lib/x86_64-linux-gnu/libpython3.10.so
[4.510s] -- Found PythonExtra: .so  
[4.617s] -- Configuring done
[4.805s] -- Generating done
[4.817s] -- Build files have been written to: /home/emitaker/ros2_ws/build/turtlesim
[4.839s] Invoked command in '/home/emitaker/ros2_ws/build/turtlesim' returned '0': CMAKE_PREFIX_PATH=/opt/ros/humble /usr/bin/cmake /home/emitaker/ros2_ws/src/ros_tutorials/turtlesim -DCMAKE_INSTALL_PREFIX=/home/emitaker/ros2_ws/install/turtlesim
[4.843s] Invoking command in '/home/emitaker/ros2_ws/build/turtlesim': CMAKE_PREFIX_PATH=/opt/ros/humble /usr/bin/cmake --build /home/emitaker/ros2_ws/build/turtlesim -- -j6 -l6
[4.913s] [  1%] [34m[1mGenerating C code for ROS interfaces[0m
[4.935s] [  2%] [34m[1mGenerating C++ code for ROS interfaces[0m
[4.951s] [  2%] Built target ament_cmake_python_copy_turtlesim
[5.334s] running egg_info
[5.335s] creating turtlesim.egg-info
[5.335s] writing turtlesim.egg-info/PKG-INFO
[5.336s] writing dependency_links to turtlesim.egg-info/dependency_links.txt
[5.337s] writing top-level names to turtlesim.egg-info/top_level.txt
[5.338s] writing manifest file 'turtlesim.egg-info/SOURCES.txt'
[5.344s] reading manifest file 'turtlesim.egg-info/SOURCES.txt'
[5.345s] writing manifest file 'turtlesim.egg-info/SOURCES.txt'
[5.403s] [  2%] Built target ament_cmake_python_build_turtlesim_egg
[6.189s] [  2%] Built target turtlesim__cpp
[6.216s] [  4%] [34m[1mGenerating C++ type support for eProsima Fast-RTPS[0m
[6.216s] [  4%] [34m[1mGenerating C++ type support dispatch for ROS interfaces[0m
[6.227s] [  5%] [34m[1mGenerating C++ introspection for ROS interfaces[0m
[6.457s] [  6%] [32mBuilding C object CMakeFiles/turtlesim__rosidl_generator_c.dir/rosidl_generator_c/turtlesim/action/detail/rotate_absolute__functions.c.o[0m
[6.458s] [  7%] [32mBuilding C object CMakeFiles/turtlesim__rosidl_generator_c.dir/rosidl_generator_c/turtlesim/msg/detail/color__functions.c.o[0m
[6.466s] [  8%] [32mBuilding C object CMakeFiles/turtlesim__rosidl_generator_c.dir/rosidl_generator_c/turtlesim/msg/detail/pose__functions.c.o[0m
[6.635s] [  9%] [32mBuilding C object CMakeFiles/turtlesim__rosidl_generator_c.dir/rosidl_generator_c/turtlesim/srv/detail/kill__functions.c.o[0m
[6.641s] [ 10%] [32mBuilding C object CMakeFiles/turtlesim__rosidl_generator_c.dir/rosidl_generator_c/turtlesim/srv/detail/set_pen__functions.c.o[0m
[6.797s] [ 11%] [32mBuilding C object CMakeFiles/turtlesim__rosidl_generator_c.dir/rosidl_generator_c/turtlesim/srv/detail/spawn__functions.c.o[0m
[6.803s] [ 12%] [32mBuilding C object CMakeFiles/turtlesim__rosidl_generator_c.dir/rosidl_generator_c/turtlesim/srv/detail/teleport_absolute__functions.c.o[0m
[6.824s] [ 13%] [32mBuilding C object CMakeFiles/turtlesim__rosidl_generator_c.dir/rosidl_generator_c/turtlesim/srv/detail/teleport_relative__functions.c.o[0m
[6.963s] [ 14%] [32m[1mLinking C shared library libturtlesim__rosidl_generator_c.so[0m
[7.076s] [ 14%] Built target turtlesim__rosidl_generator_c
[7.106s] [ 15%] [34m[1mGenerating C introspection for ROS interfaces[0m
[7.112s] [ 16%] [34m[1mGenerating C type support for eProsima Fast-RTPS[0m
[7.113s] [ 17%] [34m[1mGenerating C type support dispatch for ROS interfaces[0m
[7.371s] [ 18%] [32mBuilding CXX object CMakeFiles/turtlesim__rosidl_typesupport_cpp.dir/rosidl_typesupport_cpp/turtlesim/action/rotate_absolute__type_support.cpp.o[0m
[7.816s] [ 19%] [32mBuilding CXX object CMakeFiles/turtlesim__rosidl_typesupport_introspection_cpp.dir/rosidl_typesupport_introspection_cpp/turtlesim/action/detail/rotate_absolute__type_support.cpp.o[0m
[8.116s] [ 20%] [32mBuilding CXX object CMakeFiles/turtlesim__rosidl_typesupport_fastrtps_cpp.dir/rosidl_typesupport_fastrtps_cpp/turtlesim/action/detail/dds_fastrtps/rotate_absolute__type_support.cpp.o[0m
[8.459s] [ 21%] [32mBuilding CXX object CMakeFiles/turtlesim__rosidl_typesupport_c.dir/rosidl_typesupport_c/turtlesim/action/rotate_absolute__type_support.cpp.o[0m
[8.622s] [ 22%] [32mBuilding CXX object CMakeFiles/turtlesim__rosidl_typesupport_c.dir/rosidl_typesupport_c/turtlesim/msg/color__type_support.cpp.o[0m
[8.693s] [ 23%] [32mBuilding CXX object CMakeFiles/turtlesim__rosidl_typesupport_c.dir/rosidl_typesupport_c/turtlesim/msg/pose__type_support.cpp.o[0m
[8.775s] [ 24%] [32mBuilding CXX object CMakeFiles/turtlesim__rosidl_typesupport_c.dir/rosidl_typesupport_c/turtlesim/srv/kill__type_support.cpp.o[0m
[8.820s] [ 25%] [32mBuilding C object CMakeFiles/turtlesim__rosidl_typesupport_introspection_c.dir/rosidl_typesupport_introspection_c/turtlesim/action/detail/rotate_absolute__type_support.c.o[0m
[8.857s] [ 26%] [32mBuilding CXX object CMakeFiles/turtlesim__rosidl_typesupport_c.dir/rosidl_typesupport_c/turtlesim/srv/set_pen__type_support.cpp.o[0m
[9.022s] [ 27%] [32mBuilding C object CMakeFiles/turtlesim__rosidl_typesupport_introspection_c.dir/rosidl_typesupport_introspection_c/turtlesim/msg/detail/color__type_support.c.o[0m
[9.022s] [ 28%] [32mBuilding CXX object CMakeFiles/turtlesim__rosidl_typesupport_c.dir/rosidl_typesupport_c/turtlesim/srv/spawn__type_support.cpp.o[0m
[9.119s] [ 29%] [32mBuilding CXX object CMakeFiles/turtlesim__rosidl_typesupport_c.dir/rosidl_typesupport_c/turtlesim/srv/teleport_absolute__type_support.cpp.o[0m
[9.126s] [ 30%] [32mBuilding CXX object CMakeFiles/turtlesim__rosidl_typesupport_fastrtps_c.dir/rosidl_typesupport_fastrtps_c/turtlesim/action/detail/rotate_absolute__type_support_c.cpp.o[0m
[9.163s] [ 31%] [32mBuilding C object CMakeFiles/turtlesim__rosidl_typesupport_introspection_c.dir/rosidl_typesupport_introspection_c/turtlesim/msg/detail/pose__type_support.c.o[0m
[9.355s] [ 32%] [32mBuilding CXX object CMakeFiles/turtlesim__rosidl_typesupport_c.dir/rosidl_typesupport_c/turtlesim/srv/teleport_relative__type_support.cpp.o[0m
[9.474s] [ 33%] [32mBuilding C object CMakeFiles/turtlesim__rosidl_typesupport_introspection_c.dir/rosidl_typesupport_introspection_c/turtlesim/srv/detail/kill__type_support.c.o[0m
[9.695s] [ 34%] [32m[1mLinking CXX shared library libturtlesim__rosidl_typesupport_c.so[0m
[9.725s] [ 35%] [32mBuilding C object CMakeFiles/turtlesim__rosidl_typesupport_introspection_c.dir/rosidl_typesupport_introspection_c/turtlesim/srv/detail/set_pen__type_support.c.o[0m
[9.734s] [ 36%] [32mBuilding CXX object CMakeFiles/turtlesim__rosidl_typesupport_cpp.dir/rosidl_typesupport_cpp/turtlesim/msg/color__type_support.cpp.o[0m
[10.045s] [ 36%] Built target turtlesim__rosidl_typesupport_c
[10.049s] [ 37%] [32mBuilding C object CMakeFiles/turtlesim__rosidl_typesupport_introspection_c.dir/rosidl_typesupport_introspection_c/turtlesim/srv/detail/spawn__type_support.c.o[0m
[10.079s] [ 38%] [32mBuilding CXX object CMakeFiles/turtlesim__rosidl_typesupport_introspection_cpp.dir/rosidl_typesupport_introspection_cpp/turtlesim/msg/detail/color__type_support.cpp.o[0m
[10.147s] [ 39%] [32mBuilding CXX object CMakeFiles/turtlesim__rosidl_typesupport_introspection_cpp.dir/rosidl_typesupport_introspection_cpp/turtlesim/msg/detail/pose__type_support.cpp.o[0m
[10.207s] [ 40%] [32mBuilding C object CMakeFiles/turtlesim__rosidl_typesupport_introspection_c.dir/rosidl_typesupport_introspection_c/turtlesim/srv/detail/teleport_absolute__type_support.c.o[0m
[10.543s] [ 41%] [32mBuilding C object CMakeFiles/turtlesim__rosidl_typesupport_introspection_c.dir/rosidl_typesupport_introspection_c/turtlesim/srv/detail/teleport_relative__type_support.c.o[0m
[10.770s] [ 42%] [32m[1mLinking C shared library libturtlesim__rosidl_typesupport_introspection_c.so[0m
[10.772s] [ 43%] [32mBuilding CXX object CMakeFiles/turtlesim__rosidl_typesupport_cpp.dir/rosidl_typesupport_cpp/turtlesim/msg/pose__type_support.cpp.o[0m
[10.846s] [ 44%] [32mBuilding CXX object CMakeFiles/turtlesim__rosidl_typesupport_fastrtps_cpp.dir/rosidl_typesupport_fastrtps_cpp/turtlesim/msg/detail/dds_fastrtps/color__type_support.cpp.o[0m
[10.887s] [ 45%] [32mBuilding CXX object CMakeFiles/turtlesim__rosidl_typesupport_fastrtps_c.dir/rosidl_typesupport_fastrtps_c/turtlesim/msg/detail/color__type_support_c.cpp.o[0m
[10.893s] [ 45%] Built target turtlesim__rosidl_typesupport_introspection_c
[10.917s] [ 46%] [32mBuilding CXX object CMakeFiles/turtlesim__rosidl_typesupport_introspection_cpp.dir/rosidl_typesupport_introspection_cpp/turtlesim/srv/detail/kill__type_support.cpp.o[0m
[11.262s] [ 47%] [32mBuilding CXX object CMakeFiles/turtlesim__rosidl_typesupport_fastrtps_cpp.dir/rosidl_typesupport_fastrtps_cpp/turtlesim/msg/detail/dds_fastrtps/pose__type_support.cpp.o[0m
[11.680s] [ 48%] [32mBuilding CXX object CMakeFiles/turtlesim__rosidl_typesupport_cpp.dir/rosidl_typesupport_cpp/turtlesim/srv/kill__type_support.cpp.o[0m
[12.006s] [ 49%] [32mBuilding CXX object CMakeFiles/turtlesim__rosidl_typesupport_cpp.dir/rosidl_typesupport_cpp/turtlesim/srv/set_pen__type_support.cpp.o[0m
[12.194s] [ 50%] [32mBuilding CXX object CMakeFiles/turtlesim__rosidl_typesupport_fastrtps_c.dir/rosidl_typesupport_fastrtps_c/turtlesim/msg/detail/pose__type_support_c.cpp.o[0m
[12.364s] [ 51%] [32mBuilding CXX object CMakeFiles/turtlesim__rosidl_typesupport_introspection_cpp.dir/rosidl_typesupport_introspection_cpp/turtlesim/srv/detail/set_pen__type_support.cpp.o[0m
[12.483s] [ 52%] [32mBuilding CXX object CMakeFiles/turtlesim__rosidl_typesupport_fastrtps_cpp.dir/rosidl_typesupport_fastrtps_cpp/turtlesim/srv/detail/dds_fastrtps/kill__type_support.cpp.o[0m
[12.505s] [ 53%] [32mBuilding CXX object CMakeFiles/turtlesim__rosidl_typesupport_fastrtps_cpp.dir/rosidl_typesupport_fastrtps_cpp/turtlesim/srv/detail/dds_fastrtps/set_pen__type_support.cpp.o[0m
[12.553s] [ 54%] [32mBuilding CXX object CMakeFiles/turtlesim__rosidl_typesupport_cpp.dir/rosidl_typesupport_cpp/turtlesim/srv/spawn__type_support.cpp.o[0m
[12.856s] [ 55%] [32mBuilding CXX object CMakeFiles/turtlesim__rosidl_typesupport_fastrtps_c.dir/rosidl_typesupport_fastrtps_c/turtlesim/srv/detail/kill__type_support_c.cpp.o[0m
[13.054s] [ 56%] [32mBuilding CXX object CMakeFiles/turtlesim__rosidl_typesupport_introspection_cpp.dir/rosidl_typesupport_introspection_cpp/turtlesim/srv/detail/spawn__type_support.cpp.o[0m
[13.230s] [ 57%] [32mBuilding CXX object CMakeFiles/turtlesim__rosidl_typesupport_cpp.dir/rosidl_typesupport_cpp/turtlesim/srv/teleport_absolute__type_support.cpp.o[0m
[13.384s] [ 58%] [32mBuilding CXX object CMakeFiles/turtlesim__rosidl_typesupport_fastrtps_c.dir/rosidl_typesupport_fastrtps_c/turtlesim/srv/detail/set_pen__type_support_c.cpp.o[0m
[13.682s] [ 59%] [32mBuilding CXX object CMakeFiles/turtlesim__rosidl_typesupport_cpp.dir/rosidl_typesupport_cpp/turtlesim/srv/teleport_relative__type_support.cpp.o[0m
[13.691s] [ 60%] [32mBuilding CXX object CMakeFiles/turtlesim__rosidl_typesupport_introspection_cpp.dir/rosidl_typesupport_introspection_cpp/turtlesim/srv/detail/teleport_absolute__type_support.cpp.o[0m
[13.809s] [ 61%] [32mBuilding CXX object CMakeFiles/turtlesim__rosidl_typesupport_fastrtps_c.dir/rosidl_typesupport_fastrtps_c/turtlesim/srv/detail/spawn__type_support_c.cpp.o[0m
[13.825s] [ 62%] [32mBuilding CXX object CMakeFiles/turtlesim__rosidl_typesupport_fastrtps_cpp.dir/rosidl_typesupport_fastrtps_cpp/turtlesim/srv/detail/dds_fastrtps/spawn__type_support.cpp.o[0m
[13.864s] [ 63%] [32mBuilding CXX object CMakeFiles/turtlesim__rosidl_typesupport_fastrtps_cpp.dir/rosidl_typesupport_fastrtps_cpp/turtlesim/srv/detail/dds_fastrtps/teleport_absolute__type_support.cpp.o[0m
[14.169s] [ 64%] [32mBuilding CXX object CMakeFiles/turtlesim__rosidl_typesupport_fastrtps_cpp.dir/rosidl_typesupport_fastrtps_cpp/turtlesim/srv/detail/dds_fastrtps/teleport_relative__type_support.cpp.o[0m
[14.259s] [ 65%] [32m[1mLinking CXX shared library libturtlesim__rosidl_typesupport_cpp.so[0m
[14.374s] [ 65%] Built target turtlesim__rosidl_typesupport_cpp
[14.400s] [ 66%] [32mBuilding CXX object CMakeFiles/turtlesim__rosidl_typesupport_introspection_cpp.dir/rosidl_typesupport_introspection_cpp/turtlesim/srv/detail/teleport_relative__type_support.cpp.o[0m
[14.568s] [ 67%] [32mBuilding CXX object CMakeFiles/turtlesim__rosidl_typesupport_fastrtps_c.dir/rosidl_typesupport_fastrtps_c/turtlesim/srv/detail/teleport_absolute__type_support_c.cpp.o[0m
[14.573s] [ 68%] [34m[1mGenerating include/turtlesim/moc_turtle_frame.cpp[0m
[14.743s] [ 69%] [32mBuilding CXX object CMakeFiles/turtle_teleop_key.dir/tutorials/teleop_turtle_key.cpp.o[0m
[14.767s] [ 70%] [32mBuilding CXX object CMakeFiles/draw_square.dir/tutorials/draw_square.cpp.o[0m
[14.934s] [ 71%] [32mBuilding CXX object CMakeFiles/turtlesim_node.dir/src/turtlesim.cpp.o[0m
[15.069s] [ 72%] [32m[1mLinking CXX shared library libturtlesim__rosidl_typesupport_fastrtps_cpp.so[0m
[15.168s] [ 73%] [32m[1mLinking CXX shared library libturtlesim__rosidl_typesupport_introspection_cpp.so[0m
[15.307s] [ 73%] Built target turtlesim__rosidl_typesupport_fastrtps_cpp
[15.322s] [ 74%] [32mBuilding CXX object CMakeFiles/turtlesim__rosidl_typesupport_fastrtps_c.dir/rosidl_typesupport_fastrtps_c/turtlesim/srv/detail/teleport_relative__type_support_c.cpp.o[0m
[15.330s] [ 75%] [32mBuilding CXX object CMakeFiles/turtlesim_node.dir/src/turtle.cpp.o[0m
[15.382s] [ 75%] Built target turtlesim__rosidl_typesupport_introspection_cpp
[15.403s] [ 76%] [32mBuilding CXX object CMakeFiles/turtlesim_node.dir/src/turtle_frame.cpp.o[0m
[16.094s] [ 77%] [32m[1mLinking CXX shared library libturtlesim__rosidl_typesupport_fastrtps_c.so[0m
[16.312s] [ 77%] Built target turtlesim__rosidl_typesupport_fastrtps_c
[16.335s] [ 78%] [32mBuilding CXX object CMakeFiles/turtlesim_node.dir/include/turtlesim/moc_turtle_frame.cpp.o[0m
[64.152s] [ 79%] [32mBuilding CXX object CMakeFiles/mimic.dir/tutorials/mimic.cpp.o[0m
[75.947s] [ 80%] [32m[1mLinking CXX executable turtle_teleop_key[0m
[78.419s] [ 80%] Built target turtle_teleop_key
[78.687s] [ 80%] Built target turtlesim
[78.830s] [ 81%] [34m[1mGenerating Python code for ROS interfaces[0m
[83.203s] [ 81%] Built target turtlesim__py
[83.303s] [ 82%] [32mBuilding C object CMakeFiles/turtlesim__rosidl_generator_py.dir/rosidl_generator_py/turtlesim/msg/_color_s.c.o[0m
[83.309s] [ 83%] [32mBuilding C object CMakeFiles/turtlesim__rosidl_generator_py.dir/rosidl_generator_py/turtlesim/action/_rotate_absolute_s.c.o[0m
[83.453s] [ 84%] [32m[1mLinking CXX executable draw_square[0m
[84.313s] [ 85%] [32mBuilding C object CMakeFiles/turtlesim__rosidl_generator_py.dir/rosidl_generator_py/turtlesim/msg/_pose_s.c.o[0m
[84.389s] [ 86%] [32mBuilding C object CMakeFiles/turtlesim__rosidl_generator_py.dir/rosidl_generator_py/turtlesim/srv/_kill_s.c.o[0m
[84.600s] [ 87%] [32mBuilding C object CMakeFiles/turtlesim__rosidl_generator_py.dir/rosidl_generator_py/turtlesim/srv/_set_pen_s.c.o[0m
[84.683s] [ 88%] [32mBuilding C object CMakeFiles/turtlesim__rosidl_generator_py.dir/rosidl_generator_py/turtlesim/srv/_spawn_s.c.o[0m
[84.851s] [ 89%] [32mBuilding C object CMakeFiles/turtlesim__rosidl_generator_py.dir/rosidl_generator_py/turtlesim/srv/_teleport_absolute_s.c.o[0m
[85.008s] [ 89%] Built target draw_square
[85.030s] [ 90%] [32mBuilding C object CMakeFiles/turtlesim__rosidl_generator_py.dir/rosidl_generator_py/turtlesim/srv/_teleport_relative_s.c.o[0m
[85.248s] [ 91%] [32m[1mLinking C shared library rosidl_generator_py/turtlesim/libturtlesim__rosidl_generator_py.so[0m
[85.370s] [ 91%] Built target turtlesim__rosidl_generator_py
[85.447s] [ 92%] [32mBuilding C object CMakeFiles/turtlesim__rosidl_typesupport_fastrtps_c__pyext.dir/rosidl_generator_py/turtlesim/_turtlesim_s.ep.rosidl_typesupport_fastrtps_c.c.o[0m
[85.448s] [ 93%] [32mBuilding C object CMakeFiles/turtlesim__rosidl_typesupport_introspection_c__pyext.dir/rosidl_generator_py/turtlesim/_turtlesim_s.ep.rosidl_typesupport_introspection_c.c.o[0m
[85.467s] [ 94%] [32mBuilding C object CMakeFiles/turtlesim__rosidl_typesupport_c__pyext.dir/rosidl_generator_py/turtlesim/_turtlesim_s.ep.rosidl_typesupport_c.c.o[0m
[85.848s] [ 95%] [32m[1mLinking C shared library rosidl_generator_py/turtlesim/turtlesim_s__rosidl_typesupport_c.cpython-310-x86_64-linux-gnu.so[0m
[85.852s] [ 96%] [32m[1mLinking C shared library rosidl_generator_py/turtlesim/turtlesim_s__rosidl_typesupport_introspection_c.cpython-310-x86_64-linux-gnu.so[0m
[85.873s] [ 97%] [32m[1mLinking C shared library rosidl_generator_py/turtlesim/turtlesim_s__rosidl_typesupport_fastrtps_c.cpython-310-x86_64-linux-gnu.so[0m
[85.970s] [ 97%] Built target turtlesim__rosidl_typesupport_introspection_c__pyext
[85.993s] [ 97%] Built target turtlesim__rosidl_typesupport_c__pyext
[86.010s] [ 97%] Built target turtlesim__rosidl_typesupport_fastrtps_c__pyext
[91.435s] [ 98%] [32m[1mLinking CXX executable mimic[0m
[92.247s] [ 98%] Built target mimic
[93.234s] [100%] [32m[1mLinking CXX executable turtlesim_node[0m
[97.182s] [100%] Built target turtlesim_node
[97.510s] Invoked command in '/home/emitaker/ros2_ws/build/turtlesim' returned '0': CMAKE_PREFIX_PATH=/opt/ros/humble /usr/bin/cmake --build /home/emitaker/ros2_ws/build/turtlesim -- -j6 -l6
[98.493s] Invoking command in '/home/emitaker/ros2_ws/build/turtlesim': CMAKE_PREFIX_PATH=/opt/ros/humble /usr/bin/cmake --install /home/emitaker/ros2_ws/build/turtlesim
[98.549s] -- Install configuration: ""
[98.557s] -- Installing: /home/emitaker/ros2_ws/install/turtlesim/share/ament_index/resource_index/rosidl_interfaces/turtlesim
[98.560s] -- Installing: /home/emitaker/ros2_ws/install/turtlesim/include/turtlesim/turtlesim
[98.561s] -- Installing: /home/emitaker/ros2_ws/install/turtlesim/include/turtlesim/turtlesim/action
[98.562s] -- Installing: /home/emitaker/ros2_ws/install/turtlesim/include/turtlesim/turtlesim/action/detail
[98.562s] -- Installing: /home/emitaker/ros2_ws/install/turtlesim/include/turtlesim/turtlesim/action/detail/rotate_absolute__struct.h
[98.563s] -- Installing: /home/emitaker/ros2_ws/install/turtlesim/include/turtlesim/turtlesim/action/detail/rotate_absolute__functions.c
[98.565s] -- Installing: /home/emitaker/ros2_ws/install/turtlesim/include/turtlesim/turtlesim/action/detail/rotate_absolute__functions.h
[98.566s] -- Installing: /home/emitaker/ros2_ws/install/turtlesim/include/turtlesim/turtlesim/action/detail/rotate_absolute__type_support.h
[98.566s] -- Installing: /home/emitaker/ros2_ws/install/turtlesim/include/turtlesim/turtlesim/action/rotate_absolute.h
[98.567s] -- Installing: /home/emitaker/ros2_ws/install/turtlesim/include/turtlesim/turtlesim/srv
[98.569s] -- Installing: /home/emitaker/ros2_ws/install/turtlesim/include/turtlesim/turtlesim/srv/set_pen.h
[98.570s] -- Installing: /home/emitaker/ros2_ws/install/turtlesim/include/turtlesim/turtlesim/srv/teleport_relative.h
[98.572s] -- Installing: /home/emitaker/ros2_ws/install/turtlesim/include/turtlesim/turtlesim/srv/detail
[98.572s] -- Installing: /home/emitaker/ros2_ws/install/turtlesim/include/turtlesim/turtlesim/srv/detail/set_pen__struct.h
[98.572s] -- Installing: /home/emitaker/ros2_ws/install/turtlesim/include/turtlesim/turtlesim/srv/detail/teleport_relative__type_support.h
[98.572s] -- Installing: /home/emitaker/ros2_ws/install/turtlesim/include/turtlesim/turtlesim/srv/detail/teleport_relative__functions.c
[98.573s] -- Installing: /home/emitaker/ros2_ws/install/turtlesim/include/turtlesim/turtlesim/srv/detail/kill__functions.c
[98.575s] -- Installing: /home/emitaker/ros2_ws/install/turtlesim/include/turtlesim/turtlesim/srv/detail/teleport_absolute__functions.h
[98.575s] -- Installing: /home/emitaker/ros2_ws/install/turtlesim/include/turtlesim/turtlesim/srv/detail/spawn__type_support.h
[98.575s] -- Installing: /home/emitaker/ros2_ws/install/turtlesim/include/turtlesim/turtlesim/srv/detail/set_pen__functions.c
[98.576s] -- Installing: /home/emitaker/ros2_ws/install/turtlesim/include/turtlesim/turtlesim/srv/detail/spawn__functions.h
[98.576s] -- Installing: /home/emitaker/ros2_ws/install/turtlesim/include/turtlesim/turtlesim/srv/detail/set_pen__functions.h
[98.576s] -- Installing: /home/emitaker/ros2_ws/install/turtlesim/include/turtlesim/turtlesim/srv/detail/teleport_absolute__struct.h
[98.577s] -- Installing: /home/emitaker/ros2_ws/install/turtlesim/include/turtlesim/turtlesim/srv/detail/kill__struct.h
[98.577s] -- Installing: /home/emitaker/ros2_ws/install/turtlesim/include/turtlesim/turtlesim/srv/detail/teleport_absolute__type_support.h
[98.577s] -- Installing: /home/emitaker/ros2_ws/install/turtlesim/include/turtlesim/turtlesim/srv/detail/teleport_relative__struct.h
[98.578s] -- Installing: /home/emitaker/ros2_ws/install/turtlesim/include/turtlesim/turtlesim/srv/detail/spawn__struct.h
[98.579s] -- Installing: /home/emitaker/ros2_ws/install/turtlesim/include/turtlesim/turtlesim/srv/detail/kill__functions.h
[98.579s] -- Installing: /home/emitaker/ros2_ws/install/turtlesim/include/turtlesim/turtlesim/srv/detail/set_pen__type_support.h
[98.580s] -- Installing: /home/emitaker/ros2_ws/install/turtlesim/include/turtlesim/turtlesim/srv/detail/teleport_relative__functions.h
[98.580s] -- Installing: /home/emitaker/ros2_ws/install/turtlesim/include/turtlesim/turtlesim/srv/detail/spawn__functions.c
[98.581s] -- Installing: /home/emitaker/ros2_ws/install/turtlesim/include/turtlesim/turtlesim/srv/detail/teleport_absolute__functions.c
[98.582s] -- Installing: /home/emitaker/ros2_ws/install/turtlesim/include/turtlesim/turtlesim/srv/detail/kill__type_support.h
[98.582s] -- Installing: /home/emitaker/ros2_ws/install/turtlesim/include/turtlesim/turtlesim/srv/spawn.h
[98.584s] -- Installing: /home/emitaker/ros2_ws/install/turtlesim/include/turtlesim/turtlesim/srv/teleport_absolute.h
[98.585s] -- Installing: /home/emitaker/ros2_ws/install/turtlesim/include/turtlesim/turtlesim/srv/kill.h
[98.587s] -- Installing: /home/emitaker/ros2_ws/install/turtlesim/include/turtlesim/turtlesim/msg
[98.588s] -- Installing: /home/emitaker/ros2_ws/install/turtlesim/include/turtlesim/turtlesim/msg/detail
[98.588s] -- Installing: /home/emitaker/ros2_ws/install/turtlesim/include/turtlesim/turtlesim/msg/detail/pose__type_support.h
[98.588s] -- Installing: /home/emitaker/ros2_ws/install/turtlesim/include/turtlesim/turtlesim/msg/detail/color__struct.h
[98.588s] -- Installing: /home/emitaker/ros2_ws/install/turtlesim/include/turtlesim/turtlesim/msg/detail/pose__functions.h
[98.590s] -- Installing: /home/emitaker/ros2_ws/install/turtlesim/include/turtlesim/turtlesim/msg/detail/color__functions.h
[98.590s] -- Installing: /home/emitaker/ros2_ws/install/turtlesim/include/turtlesim/turtlesim/msg/detail/color__type_support.h
[98.591s] -- Installing: /home/emitaker/ros2_ws/install/turtlesim/include/turtlesim/turtlesim/msg/detail/pose__functions.c
[98.592s] -- Installing: /home/emitaker/ros2_ws/install/turtlesim/include/turtlesim/turtlesim/msg/detail/color__functions.c
[98.593s] -- Installing: /home/emitaker/ros2_ws/install/turtlesim/include/turtlesim/turtlesim/msg/detail/pose__struct.h
[98.593s] -- Installing: /home/emitaker/ros2_ws/install/turtlesim/include/turtlesim/turtlesim/msg/pose.h
[98.594s] -- Installing: /home/emitaker/ros2_ws/install/turtlesim/include/turtlesim/turtlesim/msg/color.h
[98.595s] -- Installing: /home/emitaker/ros2_ws/install/turtlesim/include/turtlesim/turtlesim/msg/rosidl_generator_c__visibility_control.h
[98.598s] -- Installing: /home/emitaker/ros2_ws/install/turtlesim/share/turtlesim/environment/library_path.sh
[98.600s] -- Installing: /home/emitaker/ros2_ws/install/turtlesim/share/turtlesim/environment/library_path.dsv
[98.600s] -- Installing: /home/emitaker/ros2_ws/install/turtlesim/lib/libturtlesim__rosidl_generator_c.so
[98.606s] -- Set runtime path of "/home/emitaker/ros2_ws/install/turtlesim/lib/libturtlesim__rosidl_generator_c.so" to ""
[98.606s] -- Up-to-date: /home/emitaker/ros2_ws/install/turtlesim/include/turtlesim/turtlesim
[98.607s] -- Up-to-date: /home/emitaker/ros2_ws/install/turtlesim/include/turtlesim/turtlesim/action
[98.607s] -- Up-to-date: /home/emitaker/ros2_ws/install/turtlesim/include/turtlesim/turtlesim/action/detail
[98.608s] -- Installing: /home/emitaker/ros2_ws/install/turtlesim/include/turtlesim/turtlesim/action/detail/rotate_absolute__rosidl_typesupport_fastrtps_c.h
[98.610s] -- Up-to-date: /home/emitaker/ros2_ws/install/turtlesim/include/turtlesim/turtlesim/srv
[98.611s] -- Up-to-date: /home/emitaker/ros2_ws/install/turtlesim/include/turtlesim/turtlesim/srv/detail
[98.612s] -- Installing: /home/emitaker/ros2_ws/install/turtlesim/include/turtlesim/turtlesim/srv/detail/teleport_relative__rosidl_typesupport_fastrtps_c.h
[98.613s] -- Installing: /home/emitaker/ros2_ws/install/turtlesim/include/turtlesim/turtlesim/srv/detail/teleport_absolute__rosidl_typesupport_fastrtps_c.h
[98.614s] -- Installing: /home/emitaker/ros2_ws/install/turtlesim/include/turtlesim/turtlesim/srv/detail/kill__rosidl_typesupport_fastrtps_c.h
[98.615s] -- Installing: /home/emitaker/ros2_ws/install/turtlesim/include/turtlesim/turtlesim/srv/detail/set_pen__rosidl_typesupport_fastrtps_c.h
[98.616s] -- Installing: /home/emitaker/ros2_ws/install/turtlesim/include/turtlesim/turtlesim/srv/detail/spawn__rosidl_typesupport_fastrtps_c.h
[98.617s] -- Up-to-date: /home/emitaker/ros2_ws/install/turtlesim/include/turtlesim/turtlesim/msg
[98.619s] -- Installing: /home/emitaker/ros2_ws/install/turtlesim/include/turtlesim/turtlesim/msg/rosidl_typesupport_fastrtps_c__visibility_control.h
[98.619s] -- Up-to-date: /home/emitaker/ros2_ws/install/turtlesim/include/turtlesim/turtlesim/msg/detail
[98.620s] -- Installing: /home/emitaker/ros2_ws/install/turtlesim/include/turtlesim/turtlesim/msg/detail/pose__rosidl_typesupport_fastrtps_c.h
[98.622s] -- Installing: /home/emitaker/ros2_ws/install/turtlesim/include/turtlesim/turtlesim/msg/detail/color__rosidl_typesupport_fastrtps_c.h
[98.623s] -- Installing: /home/emitaker/ros2_ws/install/turtlesim/lib/libturtlesim__rosidl_typesupport_fastrtps_c.so
[98.627s] -- Set runtime path of "/home/emitaker/ros2_ws/install/turtlesim/lib/libturtlesim__rosidl_typesupport_fastrtps_c.so" to ""
[98.627s] -- Up-to-date: /home/emitaker/ros2_ws/install/turtlesim/include/turtlesim/turtlesim
[98.627s] -- Up-to-date: /home/emitaker/ros2_ws/install/turtlesim/include/turtlesim/turtlesim/action
[98.628s] -- Up-to-date: /home/emitaker/ros2_ws/install/turtlesim/include/turtlesim/turtlesim/action/detail
[98.629s] -- Installing: /home/emitaker/ros2_ws/install/turtlesim/include/turtlesim/turtlesim/action/detail/rotate_absolute__builder.hpp
[98.630s] -- Installing: /home/emitaker/ros2_ws/install/turtlesim/include/turtlesim/turtlesim/action/detail/rotate_absolute__struct.hpp
[98.632s] -- Installing: /home/emitaker/ros2_ws/install/turtlesim/include/turtlesim/turtlesim/action/detail/rotate_absolute__traits.hpp
[98.634s] -- Installing: /home/emitaker/ros2_ws/install/turtlesim/include/turtlesim/turtlesim/action/rotate_absolute.hpp
[98.636s] -- Up-to-date: /home/emitaker/ros2_ws/install/turtlesim/include/turtlesim/turtlesim/srv
[98.637s] -- Up-to-date: /home/emitaker/ros2_ws/install/turtlesim/include/turtlesim/turtlesim/srv/detail
[98.638s] -- Installing: /home/emitaker/ros2_ws/install/turtlesim/include/turtlesim/turtlesim/srv/detail/set_pen__struct.hpp
[98.639s] -- Installing: /home/emitaker/ros2_ws/install/turtlesim/include/turtlesim/turtlesim/srv/detail/set_pen__builder.hpp
[98.640s] -- Installing: /home/emitaker/ros2_ws/install/turtlesim/include/turtlesim/turtlesim/srv/detail/spawn__traits.hpp
[98.641s] -- Installing: /home/emitaker/ros2_ws/install/turtlesim/include/turtlesim/turtlesim/srv/detail/teleport_absolute__builder.hpp
[98.642s] -- Installing: /home/emitaker/ros2_ws/install/turtlesim/include/turtlesim/turtlesim/srv/detail/set_pen__traits.hpp
[98.643s] -- Installing: /home/emitaker/ros2_ws/install/turtlesim/include/turtlesim/turtlesim/srv/detail/teleport_relative__builder.hpp
[98.644s] -- Installing: /home/emitaker/ros2_ws/install/turtlesim/include/turtlesim/turtlesim/srv/detail/spawn__builder.hpp
[98.645s] -- Installing: /home/emitaker/ros2_ws/install/turtlesim/include/turtlesim/turtlesim/srv/detail/spawn__struct.hpp
[98.647s] -- Installing: /home/emitaker/ros2_ws/install/turtlesim/include/turtlesim/turtlesim/srv/detail/teleport_absolute__struct.hpp
[98.649s] -- Installing: /home/emitaker/ros2_ws/install/turtlesim/include/turtlesim/turtlesim/srv/detail/teleport_relative__struct.hpp
[98.650s] -- Installing: /home/emitaker/ros2_ws/install/turtlesim/include/turtlesim/turtlesim/srv/detail/teleport_absolute__traits.hpp
[98.651s] -- Installing: /home/emitaker/ros2_ws/install/turtlesim/include/turtlesim/turtlesim/srv/detail/teleport_relative__traits.hpp
[98.653s] -- Installing: /home/emitaker/ros2_ws/install/turtlesim/include/turtlesim/turtlesim/srv/detail/kill__builder.hpp
[98.655s] -- Installing: /home/emitaker/ros2_ws/install/turtlesim/include/turtlesim/turtlesim/srv/detail/kill__traits.hpp
[98.656s] -- Installing: /home/emitaker/ros2_ws/install/turtlesim/include/turtlesim/turtlesim/srv/detail/kill__struct.hpp
[98.657s] -- Installing: /home/emitaker/ros2_ws/install/turtlesim/include/turtlesim/turtlesim/srv/kill.hpp
[98.658s] -- Installing: /home/emitaker/ros2_ws/install/turtlesim/include/turtlesim/turtlesim/srv/teleport_relative.hpp
[98.659s] -- Installing: /home/emitaker/ros2_ws/install/turtlesim/include/turtlesim/turtlesim/srv/teleport_absolute.hpp
[98.661s] -- Installing: /home/emitaker/ros2_ws/install/turtlesim/include/turtlesim/turtlesim/srv/spawn.hpp
[98.662s] -- Installing: /home/emitaker/ros2_ws/install/turtlesim/include/turtlesim/turtlesim/srv/set_pen.hpp
[98.663s] -- Up-to-date: /home/emitaker/ros2_ws/install/turtlesim/include/turtlesim/turtlesim/msg
[98.664s] -- Installing: /home/emitaker/ros2_ws/install/turtlesim/include/turtlesim/turtlesim/msg/pose.hpp
[98.664s] -- Up-to-date: /home/emitaker/ros2_ws/install/turtlesim/include/turtlesim/turtlesim/msg/detail
[98.666s] -- Installing: /home/emitaker/ros2_ws/install/turtlesim/include/turtlesim/turtlesim/msg/detail/color__traits.hpp
[98.667s] -- Installing: /home/emitaker/ros2_ws/install/turtlesim/include/turtlesim/turtlesim/msg/detail/pose__traits.hpp
[98.668s] -- Installing: /home/emitaker/ros2_ws/install/turtlesim/include/turtlesim/turtlesim/msg/detail/color__struct.hpp
[98.669s] -- Installing: /home/emitaker/ros2_ws/install/turtlesim/include/turtlesim/turtlesim/msg/detail/color__builder.hpp
[98.670s] -- Installing: /home/emitaker/ros2_ws/install/turtlesim/include/turtlesim/turtlesim/msg/detail/pose__builder.hpp
[98.670s] -- Installing: /home/emitaker/ros2_ws/install/turtlesim/include/turtlesim/turtlesim/msg/detail/pose__struct.hpp
[98.671s] -- Installing: /home/emitaker/ros2_ws/install/turtlesim/include/turtlesim/turtlesim/msg/color.hpp
[98.673s] -- Up-to-date: /home/emitaker/ros2_ws/install/turtlesim/include/turtlesim/turtlesim
[98.674s] -- Up-to-date: /home/emitaker/ros2_ws/install/turtlesim/include/turtlesim/turtlesim/action
[98.675s] -- Up-to-date: /home/emitaker/ros2_ws/install/turtlesim/include/turtlesim/turtlesim/action/detail
[98.676s] -- Installing: /home/emitaker/ros2_ws/install/turtlesim/include/turtlesim/turtlesim/action/detail/dds_fastrtps
[98.677s] -- Installing: /home/emitaker/ros2_ws/install/turtlesim/include/turtlesim/turtlesim/action/detail/rotate_absolute__rosidl_typesupport_fastrtps_cpp.hpp
[98.679s] -- Up-to-date: /home/emitaker/ros2_ws/install/turtlesim/include/turtlesim/turtlesim/srv
[98.679s] -- Up-to-date: /home/emitaker/ros2_ws/install/turtlesim/include/turtlesim/turtlesim/srv/detail
[98.681s] -- Installing: /home/emitaker/ros2_ws/install/turtlesim/include/turtlesim/turtlesim/srv/detail/teleport_relative__rosidl_typesupport_fastrtps_cpp.hpp
[98.683s] -- Installing: /home/emitaker/ros2_ws/install/turtlesim/include/turtlesim/turtlesim/srv/detail/kill__rosidl_typesupport_fastrtps_cpp.hpp
[98.684s] -- Installing: /home/emitaker/ros2_ws/install/turtlesim/include/turtlesim/turtlesim/srv/detail/teleport_absolute__rosidl_typesupport_fastrtps_cpp.hpp
[98.685s] -- Installing: /home/emitaker/ros2_ws/install/turtlesim/include/turtlesim/turtlesim/srv/detail/dds_fastrtps
[98.686s] -- Installing: /home/emitaker/ros2_ws/install/turtlesim/include/turtlesim/turtlesim/srv/detail/spawn__rosidl_typesupport_fastrtps_cpp.hpp
[98.687s] -- Installing: /home/emitaker/ros2_ws/install/turtlesim/include/turtlesim/turtlesim/srv/detail/set_pen__rosidl_typesupport_fastrtps_cpp.hpp
[98.689s] -- Up-to-date: /home/emitaker/ros2_ws/install/turtlesim/include/turtlesim/turtlesim/msg
[98.690s] -- Up-to-date: /home/emitaker/ros2_ws/install/turtlesim/include/turtlesim/turtlesim/msg/detail
[98.691s] -- Installing: /home/emitaker/ros2_ws/install/turtlesim/include/turtlesim/turtlesim/msg/detail/dds_fastrtps
[98.692s] -- Installing: /home/emitaker/ros2_ws/install/turtlesim/include/turtlesim/turtlesim/msg/detail/color__rosidl_typesupport_fastrtps_cpp.hpp
[98.693s] -- Installing: /home/emitaker/ros2_ws/install/turtlesim/include/turtlesim/turtlesim/msg/detail/pose__rosidl_typesupport_fastrtps_cpp.hpp
[98.695s] -- Installing: /home/emitaker/ros2_ws/install/turtlesim/include/turtlesim/turtlesim/msg/rosidl_typesupport_fastrtps_cpp__visibility_control.h
[98.696s] -- Installing: /home/emitaker/ros2_ws/install/turtlesim/lib/libturtlesim__rosidl_typesupport_fastrtps_cpp.so
[98.703s] -- Set runtime path of "/home/emitaker/ros2_ws/install/turtlesim/lib/libturtlesim__rosidl_typesupport_fastrtps_cpp.so" to ""
[98.703s] -- Up-to-date: /home/emitaker/ros2_ws/install/turtlesim/include/turtlesim/turtlesim
[98.704s] -- Up-to-date: /home/emitaker/ros2_ws/install/turtlesim/include/turtlesim/turtlesim/action
[98.705s] -- Up-to-date: /home/emitaker/ros2_ws/install/turtlesim/include/turtlesim/turtlesim/action/detail
[98.706s] -- Installing: /home/emitaker/ros2_ws/install/turtlesim/include/turtlesim/turtlesim/action/detail/rotate_absolute__type_support.c
[98.708s] -- Installing: /home/emitaker/ros2_ws/install/turtlesim/include/turtlesim/turtlesim/action/detail/rotate_absolute__rosidl_typesupport_introspection_c.h
[98.709s] -- Up-to-date: /home/emitaker/ros2_ws/install/turtlesim/include/turtlesim/turtlesim/srv
[98.710s] -- Up-to-date: /home/emitaker/ros2_ws/install/turtlesim/include/turtlesim/turtlesim/srv/detail
[98.711s] -- Installing: /home/emitaker/ros2_ws/install/turtlesim/include/turtlesim/turtlesim/srv/detail/spawn__rosidl_typesupport_introspection_c.h
[98.712s] -- Installing: /home/emitaker/ros2_ws/install/turtlesim/include/turtlesim/turtlesim/srv/detail/set_pen__rosidl_typesupport_introspection_c.h
[98.713s] -- Installing: /home/emitaker/ros2_ws/install/turtlesim/include/turtlesim/turtlesim/srv/detail/teleport_absolute__type_support.c
[98.716s] -- Installing: /home/emitaker/ros2_ws/install/turtlesim/include/turtlesim/turtlesim/srv/detail/set_pen__type_support.c
[98.717s] -- Installing: /home/emitaker/ros2_ws/install/turtlesim/include/turtlesim/turtlesim/srv/detail/teleport_relative__rosidl_typesupport_introspection_c.h
[98.719s] -- Installing: /home/emitaker/ros2_ws/install/turtlesim/include/turtlesim/turtlesim/srv/detail/kill__type_support.c
[98.720s] -- Installing: /home/emitaker/ros2_ws/install/turtlesim/include/turtlesim/turtlesim/srv/detail/spawn__type_support.c
[98.721s] -- Installing: /home/emitaker/ros2_ws/install/turtlesim/include/turtlesim/turtlesim/srv/detail/kill__rosidl_typesupport_introspection_c.h
[98.722s] -- Installing: /home/emitaker/ros2_ws/install/turtlesim/include/turtlesim/turtlesim/srv/detail/teleport_absolute__rosidl_typesupport_introspection_c.h
[98.723s] -- Installing: /home/emitaker/ros2_ws/install/turtlesim/include/turtlesim/turtlesim/srv/detail/teleport_relative__type_support.c
[98.724s] -- Up-to-date: /home/emitaker/ros2_ws/install/turtlesim/include/turtlesim/turtlesim/msg
[98.725s] -- Up-to-date: /home/emitaker/ros2_ws/install/turtlesim/include/turtlesim/turtlesim/msg/detail
[98.726s] -- Installing: /home/emitaker/ros2_ws/install/turtlesim/include/turtlesim/turtlesim/msg/detail/pose__rosidl_typesupport_introspection_c.h
[98.727s] -- Installing: /home/emitaker/ros2_ws/install/turtlesim/include/turtlesim/turtlesim/msg/detail/pose__type_support.c
[98.729s] -- Installing: /home/emitaker/ros2_ws/install/turtlesim/include/turtlesim/turtlesim/msg/detail/color__rosidl_typesupport_introspection_c.h
[98.730s] -- Installing: /home/emitaker/ros2_ws/install/turtlesim/include/turtlesim/turtlesim/msg/detail/color__type_support.c
[98.731s] -- Installing: /home/emitaker/ros2_ws/install/turtlesim/include/turtlesim/turtlesim/msg/rosidl_typesupport_introspection_c__visibility_control.h
[98.733s] -- Installing: /home/emitaker/ros2_ws/install/turtlesim/lib/libturtlesim__rosidl_typesupport_introspection_c.so
[98.737s] -- Set runtime path of "/home/emitaker/ros2_ws/install/turtlesim/lib/libturtlesim__rosidl_typesupport_introspection_c.so" to ""
[98.737s] -- Installing: /home/emitaker/ros2_ws/install/turtlesim/lib/libturtlesim__rosidl_typesupport_c.so
[98.739s] -- Set runtime path of "/home/emitaker/ros2_ws/install/turtlesim/lib/libturtlesim__rosidl_typesupport_c.so" to ""
[98.740s] -- Up-to-date: /home/emitaker/ros2_ws/install/turtlesim/include/turtlesim/turtlesim
[98.740s] -- Up-to-date: /home/emitaker/ros2_ws/install/turtlesim/include/turtlesim/turtlesim/action
[98.741s] -- Up-to-date: /home/emitaker/ros2_ws/install/turtlesim/include/turtlesim/turtlesim/action/detail
[98.742s] -- Installing: /home/emitaker/ros2_ws/install/turtlesim/include/turtlesim/turtlesim/action/detail/rotate_absolute__rosidl_typesupport_introspection_cpp.hpp
[98.742s] -- Installing: /home/emitaker/ros2_ws/install/turtlesim/include/turtlesim/turtlesim/action/detail/rotate_absolute__type_support.cpp
[98.744s] -- Up-to-date: /home/emitaker/ros2_ws/install/turtlesim/include/turtlesim/turtlesim/srv
[98.745s] -- Up-to-date: /home/emitaker/ros2_ws/install/turtlesim/include/turtlesim/turtlesim/srv/detail
[98.747s] -- Installing: /home/emitaker/ros2_ws/install/turtlesim/include/turtlesim/turtlesim/srv/detail/teleport_relative__rosidl_typesupport_introspection_cpp.hpp
[98.747s] -- Installing: /home/emitaker/ros2_ws/install/turtlesim/include/turtlesim/turtlesim/srv/detail/kill__type_support.cpp
[98.748s] -- Installing: /home/emitaker/ros2_ws/install/turtlesim/include/turtlesim/turtlesim/srv/detail/spawn__rosidl_typesupport_introspection_cpp.hpp
[98.749s] -- Installing: /home/emitaker/ros2_ws/install/turtlesim/include/turtlesim/turtlesim/srv/detail/spawn__type_support.cpp
[98.751s] -- Installing: /home/emitaker/ros2_ws/install/turtlesim/include/turtlesim/turtlesim/srv/detail/set_pen__type_support.cpp
[98.754s] -- Installing: /home/emitaker/ros2_ws/install/turtlesim/include/turtlesim/turtlesim/srv/detail/teleport_absolute__type_support.cpp
[98.756s] -- Installing: /home/emitaker/ros2_ws/install/turtlesim/include/turtlesim/turtlesim/srv/detail/set_pen__rosidl_typesupport_introspection_cpp.hpp
[98.756s] -- Installing: /home/emitaker/ros2_ws/install/turtlesim/include/turtlesim/turtlesim/srv/detail/teleport_absolute__rosidl_typesupport_introspection_cpp.hpp
[98.758s] -- Installing: /home/emitaker/ros2_ws/install/turtlesim/include/turtlesim/turtlesim/srv/detail/teleport_relative__type_support.cpp
[98.758s] -- Installing: /home/emitaker/ros2_ws/install/turtlesim/include/turtlesim/turtlesim/srv/detail/kill__rosidl_typesupport_introspection_cpp.hpp
[98.760s] -- Up-to-date: /home/emitaker/ros2_ws/install/turtlesim/include/turtlesim/turtlesim/msg
[98.762s] -- Up-to-date: /home/emitaker/ros2_ws/install/turtlesim/include/turtlesim/turtlesim/msg/detail
[98.762s] -- Installing: /home/emitaker/ros2_ws/install/turtlesim/include/turtlesim/turtlesim/msg/detail/color__type_support.cpp
[98.763s] -- Installing: /home/emitaker/ros2_ws/install/turtlesim/include/turtlesim/turtlesim/msg/detail/pose__rosidl_typesupport_introspection_cpp.hpp
[98.765s] -- Installing: /home/emitaker/ros2_ws/install/turtlesim/include/turtlesim/turtlesim/msg/detail/pose__type_support.cpp
[98.766s] -- Installing: /home/emitaker/ros2_ws/install/turtlesim/include/turtlesim/turtlesim/msg/detail/color__rosidl_typesupport_introspection_cpp.hpp
[98.767s] -- Installing: /home/emitaker/ros2_ws/install/turtlesim/lib/libturtlesim__rosidl_typesupport_introspection_cpp.so
[98.773s] -- Set runtime path of "/home/emitaker/ros2_ws/install/turtlesim/lib/libturtlesim__rosidl_typesupport_introspection_cpp.so" to ""
[98.773s] -- Installing: /home/emitaker/ros2_ws/install/turtlesim/lib/libturtlesim__rosidl_typesupport_cpp.so
[98.776s] -- Set runtime path of "/home/emitaker/ros2_ws/install/turtlesim/lib/libturtlesim__rosidl_typesupport_cpp.so" to ""
[98.776s] -- Installing: /home/emitaker/ros2_ws/install/turtlesim/share/turtlesim/environment/pythonpath.sh
[98.777s] -- Installing: /home/emitaker/ros2_ws/install/turtlesim/share/turtlesim/environment/pythonpath.dsv
[98.778s] -- Installing: /home/emitaker/ros2_ws/install/turtlesim/local/lib/python3.10/dist-packages/turtlesim-1.4.2-py3.10.egg-info
[98.779s] -- Installing: /home/emitaker/ros2_ws/install/turtlesim/local/lib/python3.10/dist-packages/turtlesim-1.4.2-py3.10.egg-info/top_level.txt
[98.780s] -- Installing: /home/emitaker/ros2_ws/install/turtlesim/local/lib/python3.10/dist-packages/turtlesim-1.4.2-py3.10.egg-info/SOURCES.txt
[98.782s] -- Installing: /home/emitaker/ros2_ws/install/turtlesim/local/lib/python3.10/dist-packages/turtlesim-1.4.2-py3.10.egg-info/dependency_links.txt
[98.783s] -- Installing: /home/emitaker/ros2_ws/install/turtlesim/local/lib/python3.10/dist-packages/turtlesim-1.4.2-py3.10.egg-info/PKG-INFO
[98.785s] -- Installing: /home/emitaker/ros2_ws/install/turtlesim/local/lib/python3.10/dist-packages/turtlesim
[98.788s] -- Installing: /home/emitaker/ros2_ws/install/turtlesim/local/lib/python3.10/dist-packages/turtlesim/_turtlesim_s.ep.rosidl_typesupport_c.c
[98.789s] -- Installing: /home/emitaker/ros2_ws/install/turtlesim/local/lib/python3.10/dist-packages/turtlesim/turtlesim_s__rosidl_typesupport_introspection_c.cpython-310-x86_64-linux-gnu.so
[98.789s] -- Installing: /home/emitaker/ros2_ws/install/turtlesim/local/lib/python3.10/dist-packages/turtlesim/action
[98.790s] -- Installing: /home/emitaker/ros2_ws/install/turtlesim/local/lib/python3.10/dist-packages/turtlesim/action/_rotate_absolute_s.c
[98.790s] -- Installing: /home/emitaker/ros2_ws/install/turtlesim/local/lib/python3.10/dist-packages/turtlesim/action/_rotate_absolute.py
[98.790s] -- Installing: /home/emitaker/ros2_ws/install/turtlesim/local/lib/python3.10/dist-packages/turtlesim/action/__init__.py
[98.791s] -- Installing: /home/emitaker/ros2_ws/install/turtlesim/local/lib/python3.10/dist-packages/turtlesim/_turtlesim_s.ep.rosidl_typesupport_fastrtps_c.c
[98.792s] -- Installing: /home/emitaker/ros2_ws/install/turtlesim/local/lib/python3.10/dist-packages/turtlesim/turtlesim_s__rosidl_typesupport_c.cpython-310-x86_64-linux-gnu.so
[98.792s] -- Installing: /home/emitaker/ros2_ws/install/turtlesim/local/lib/python3.10/dist-packages/turtlesim/srv
[98.792s] -- Installing: /home/emitaker/ros2_ws/install/turtlesim/local/lib/python3.10/dist-packages/turtlesim/srv/_teleport_relative_s.c
[98.793s] -- Installing: /home/emitaker/ros2_ws/install/turtlesim/local/lib/python3.10/dist-packages/turtlesim/srv/_kill_s.c
[98.794s] -- Installing: /home/emitaker/ros2_ws/install/turtlesim/local/lib/python3.10/dist-packages/turtlesim/srv/_set_pen_s.c
[98.794s] -- Installing: /home/emitaker/ros2_ws/install/turtlesim/local/lib/python3.10/dist-packages/turtlesim/srv/_teleport_absolute.py
[98.795s] -- Installing: /home/emitaker/ros2_ws/install/turtlesim/local/lib/python3.10/dist-packages/turtlesim/srv/_set_pen.py
[98.795s] -- Installing: /home/emitaker/ros2_ws/install/turtlesim/local/lib/python3.10/dist-packages/turtlesim/srv/_teleport_relative.py
[98.796s] -- Installing: /home/emitaker/ros2_ws/install/turtlesim/local/lib/python3.10/dist-packages/turtlesim/srv/_kill.py
[98.797s] -- Installing: /home/emitaker/ros2_ws/install/turtlesim/local/lib/python3.10/dist-packages/turtlesim/srv/_spawn_s.c
[98.797s] -- Installing: /home/emitaker/ros2_ws/install/turtlesim/local/lib/python3.10/dist-packages/turtlesim/srv/_teleport_absolute_s.c
[98.797s] -- Installing: /home/emitaker/ros2_ws/install/turtlesim/local/lib/python3.10/dist-packages/turtlesim/srv/__init__.py
[98.797s] -- Installing: /home/emitaker/ros2_ws/install/turtlesim/local/lib/python3.10/dist-packages/turtlesim/srv/_spawn.py
[98.797s] -- Installing: /home/emitaker/ros2_ws/install/turtlesim/local/lib/python3.10/dist-packages/turtlesim/msg
[98.798s] -- Installing: /home/emitaker/ros2_ws/install/turtlesim/local/lib/python3.10/dist-packages/turtlesim/msg/_color.py
[98.798s] -- Installing: /home/emitaker/ros2_ws/install/turtlesim/local/lib/python3.10/dist-packages/turtlesim/msg/_pose.py
[98.799s] -- Installing: /home/emitaker/ros2_ws/install/turtlesim/local/lib/python3.10/dist-packages/turtlesim/msg/_color_s.c
[98.799s] -- Installing: /home/emitaker/ros2_ws/install/turtlesim/local/lib/python3.10/dist-packages/turtlesim/msg/_pose_s.c
[98.800s] -- Installing: /home/emitaker/ros2_ws/install/turtlesim/local/lib/python3.10/dist-packages/turtlesim/msg/__init__.py
[98.800s] -- Installing: /home/emitaker/ros2_ws/install/turtlesim/local/lib/python3.10/dist-packages/turtlesim/_turtlesim_s.ep.rosidl_typesupport_introspection_c.c
[98.802s] -- Installing: /home/emitaker/ros2_ws/install/turtlesim/local/lib/python3.10/dist-packages/turtlesim/__init__.py
[98.802s] -- Installing: /home/emitaker/ros2_ws/install/turtlesim/local/lib/python3.10/dist-packages/turtlesim/libturtlesim__rosidl_generator_py.so
[98.804s] -- Installing: /home/emitaker/ros2_ws/install/turtlesim/local/lib/python3.10/dist-packages/turtlesim/turtlesim_s__rosidl_typesupport_fastrtps_c.cpython-310-x86_64-linux-gnu.so
[98.877s] Listing '/home/emitaker/ros2_ws/install/turtlesim/local/lib/python3.10/dist-packages/turtlesim'...
[98.878s] Compiling '/home/emitaker/ros2_ws/install/turtlesim/local/lib/python3.10/dist-packages/turtlesim/__init__.py'...
[98.878s] Listing '/home/emitaker/ros2_ws/install/turtlesim/local/lib/python3.10/dist-packages/turtlesim/action'...
[98.878s] Compiling '/home/emitaker/ros2_ws/install/turtlesim/local/lib/python3.10/dist-packages/turtlesim/action/__init__.py'...
[98.878s] Compiling '/home/emitaker/ros2_ws/install/turtlesim/local/lib/python3.10/dist-packages/turtlesim/action/_rotate_absolute.py'...
[98.878s] Listing '/home/emitaker/ros2_ws/install/turtlesim/local/lib/python3.10/dist-packages/turtlesim/msg'...
[98.878s] Compiling '/home/emitaker/ros2_ws/install/turtlesim/local/lib/python3.10/dist-packages/turtlesim/msg/__init__.py'...
[98.878s] Compiling '/home/emitaker/ros2_ws/install/turtlesim/local/lib/python3.10/dist-packages/turtlesim/msg/_color.py'...
[98.879s] Compiling '/home/emitaker/ros2_ws/install/turtlesim/local/lib/python3.10/dist-packages/turtlesim/msg/_pose.py'...
[98.879s] Listing '/home/emitaker/ros2_ws/install/turtlesim/local/lib/python3.10/dist-packages/turtlesim/srv'...
[98.879s] Compiling '/home/emitaker/ros2_ws/install/turtlesim/local/lib/python3.10/dist-packages/turtlesim/srv/__init__.py'...
[98.879s] Compiling '/home/emitaker/ros2_ws/install/turtlesim/local/lib/python3.10/dist-packages/turtlesim/srv/_kill.py'...
[98.879s] Compiling '/home/emitaker/ros2_ws/install/turtlesim/local/lib/python3.10/dist-packages/turtlesim/srv/_set_pen.py'...
[98.879s] Compiling '/home/emitaker/ros2_ws/install/turtlesim/local/lib/python3.10/dist-packages/turtlesim/srv/_spawn.py'...
[98.879s] Compiling '/home/emitaker/ros2_ws/install/turtlesim/local/lib/python3.10/dist-packages/turtlesim/srv/_teleport_absolute.py'...
[98.879s] Compiling '/home/emitaker/ros2_ws/install/turtlesim/local/lib/python3.10/dist-packages/turtlesim/srv/_teleport_relative.py'...
[98.887s] -- Installing: /home/emitaker/ros2_ws/install/turtlesim/local/lib/python3.10/dist-packages/turtlesim/turtlesim_s__rosidl_typesupport_fastrtps_c.cpython-310-x86_64-linux-gnu.so
[98.888s] -- Set runtime path of "/home/emitaker/ros2_ws/install/turtlesim/local/lib/python3.10/dist-packages/turtlesim/turtlesim_s__rosidl_typesupport_fastrtps_c.cpython-310-x86_64-linux-gnu.so" to ""
[98.888s] -- Installing: /home/emitaker/ros2_ws/install/turtlesim/local/lib/python3.10/dist-packages/turtlesim/turtlesim_s__rosidl_typesupport_introspection_c.cpython-310-x86_64-linux-gnu.so
[98.889s] -- Set runtime path of "/home/emitaker/ros2_ws/install/turtlesim/local/lib/python3.10/dist-packages/turtlesim/turtlesim_s__rosidl_typesupport_introspection_c.cpython-310-x86_64-linux-gnu.so" to ""
[98.889s] -- Installing: /home/emitaker/ros2_ws/install/turtlesim/local/lib/python3.10/dist-packages/turtlesim/turtlesim_s__rosidl_typesupport_c.cpython-310-x86_64-linux-gnu.so
[98.890s] -- Set runtime path of "/home/emitaker/ros2_ws/install/turtlesim/local/lib/python3.10/dist-packages/turtlesim/turtlesim_s__rosidl_typesupport_c.cpython-310-x86_64-linux-gnu.so" to ""
[98.890s] -- Installing: /home/emitaker/ros2_ws/install/turtlesim/lib/libturtlesim__rosidl_generator_py.so
[98.892s] -- Set runtime path of "/home/emitaker/ros2_ws/install/turtlesim/lib/libturtlesim__rosidl_generator_py.so" to ""
[98.892s] -- Installing: /home/emitaker/ros2_ws/install/turtlesim/share/turtlesim/action/RotateAbsolute.idl
[98.893s] -- Installing: /home/emitaker/ros2_ws/install/turtlesim/share/turtlesim/msg/Color.idl
[98.893s] -- Installing: /home/emitaker/ros2_ws/install/turtlesim/share/turtlesim/msg/Pose.idl
[98.893s] -- Installing: /home/emitaker/ros2_ws/install/turtlesim/share/turtlesim/srv/Kill.idl
[98.893s] -- Installing: /home/emitaker/ros2_ws/install/turtlesim/share/turtlesim/srv/SetPen.idl
[98.894s] -- Installing: /home/emitaker/ros2_ws/install/turtlesim/share/turtlesim/srv/Spawn.idl
[98.894s] -- Installing: /home/emitaker/ros2_ws/install/turtlesim/share/turtlesim/srv/TeleportAbsolute.idl
[98.894s] -- Installing: /home/emitaker/ros2_ws/install/turtlesim/share/turtlesim/srv/TeleportRelative.idl
[98.895s] -- Installing: /home/emitaker/ros2_ws/install/turtlesim/share/turtlesim/action/RotateAbsolute.action
[98.896s] -- Installing: /home/emitaker/ros2_ws/install/turtlesim/share/turtlesim/msg/Color.msg
[98.897s] -- Installing: /home/emitaker/ros2_ws/install/turtlesim/share/turtlesim/msg/Pose.msg
[98.899s] -- Installing: /home/emitaker/ros2_ws/install/turtlesim/share/turtlesim/srv/Kill.srv
[98.901s] -- Installing: /home/emitaker/ros2_ws/install/turtlesim/share/turtlesim/srv/Kill_Request.msg
[98.902s] -- Installing: /home/emitaker/ros2_ws/install/turtlesim/share/turtlesim/srv/Kill_Response.msg
[98.904s] -- Installing: /home/emitaker/ros2_ws/install/turtlesim/share/turtlesim/srv/SetPen.srv
[98.905s] -- Installing: /home/emitaker/ros2_ws/install/turtlesim/share/turtlesim/srv/SetPen_Request.msg
[98.907s] -- Installing: /home/emitaker/ros2_ws/install/turtlesim/share/turtlesim/srv/SetPen_Response.msg
[98.908s] -- Installing: /home/emitaker/ros2_ws/install/turtlesim/share/turtlesim/srv/Spawn.srv
[98.909s] -- Installing: /home/emitaker/ros2_ws/install/turtlesim/share/turtlesim/srv/Spawn_Request.msg
[98.911s] -- Installing: /home/emitaker/ros2_ws/install/turtlesim/share/turtlesim/srv/Spawn_Response.msg
[98.912s] -- Installing: /home/emitaker/ros2_ws/install/turtlesim/share/turtlesim/srv/TeleportAbsolute.srv
[98.913s] -- Installing: /home/emitaker/ros2_ws/install/turtlesim/share/turtlesim/srv/TeleportAbsolute_Request.msg
[98.915s] -- Installing: /home/emitaker/ros2_ws/install/turtlesim/share/turtlesim/srv/TeleportAbsolute_Response.msg
[98.916s] -- Installing: /home/emitaker/ros2_ws/install/turtlesim/share/turtlesim/srv/TeleportRelative.srv
[98.917s] -- Installing: /home/emitaker/ros2_ws/install/turtlesim/share/turtlesim/srv/TeleportRelative_Request.msg
[98.918s] -- Installing: /home/emitaker/ros2_ws/install/turtlesim/share/turtlesim/srv/TeleportRelative_Response.msg
[98.921s] -- Installing: /home/emitaker/ros2_ws/install/turtlesim/lib/turtlesim/turtlesim_node
[98.952s] -- Set runtime path of "/home/emitaker/ros2_ws/install/turtlesim/lib/turtlesim/turtlesim_node" to ""
[98.953s] -- Installing: /home/emitaker/ros2_ws/install/turtlesim/lib/turtlesim/turtle_teleop_key
[98.958s] -- Set runtime path of "/home/emitaker/ros2_ws/install/turtlesim/lib/turtlesim/turtle_teleop_key" to ""
[98.958s] -- Installing: /home/emitaker/ros2_ws/install/turtlesim/lib/turtlesim/draw_square
[98.972s] -- Set runtime path of "/home/emitaker/ros2_ws/install/turtlesim/lib/turtlesim/draw_square" to ""
[98.972s] -- Installing: /home/emitaker/ros2_ws/install/turtlesim/lib/turtlesim/mimic
[98.986s] -- Set runtime path of "/home/emitaker/ros2_ws/install/turtlesim/lib/turtlesim/mimic" to ""
[98.987s] -- Installing: /home/emitaker/ros2_ws/install/turtlesim/share/turtlesim/images
[98.989s] -- Installing: /home/emitaker/ros2_ws/install/turtlesim/share/turtlesim/images/ardent.png
[98.991s] -- Installing: /home/emitaker/ros2_ws/install/turtlesim/share/turtlesim/images/dashing.png
[98.993s] -- Installing: /home/emitaker/ros2_ws/install/turtlesim/share/turtlesim/images/rolling.png
[98.994s] -- Installing: /home/emitaker/ros2_ws/install/turtlesim/share/turtlesim/images/galactic.png
[98.996s] -- Installing: /home/emitaker/ros2_ws/install/turtlesim/share/turtlesim/images/foxy.png
[98.997s] -- Installing: /home/emitaker/ros2_ws/install/turtlesim/share/turtlesim/images/bouncy.png
[98.999s] -- Installing: /home/emitaker/ros2_ws/install/turtlesim/share/turtlesim/images/humble.png
[99.000s] -- Installing: /home/emitaker/ros2_ws/install/turtlesim/share/turtlesim/images/eloquent.png
[99.002s] -- Installing: /home/emitaker/ros2_ws/install/turtlesim/share/turtlesim/images/crystal.png
[99.004s] -- Installing: /home/emitaker/ros2_ws/install/turtlesim/share/turtlesim/launch
[99.005s] -- Installing: /home/emitaker/ros2_ws/install/turtlesim/share/turtlesim/launch/multisim.launch.py
[99.007s] -- Installing: /home/emitaker/ros2_ws/install/turtlesim/share/ament_index/resource_index/package_run_dependencies/turtlesim
[99.008s] -- Installing: /home/emitaker/ros2_ws/install/turtlesim/share/ament_index/resource_index/parent_prefix_path/turtlesim
[99.013s] -- Installing: /home/emitaker/ros2_ws/install/turtlesim/share/turtlesim/environment/ament_prefix_path.sh
[99.014s] -- Installing: /home/emitaker/ros2_ws/install/turtlesim/share/turtlesim/environment/ament_prefix_path.dsv
[99.015s] -- Installing: /home/emitaker/ros2_ws/install/turtlesim/share/turtlesim/environment/path.sh
[99.017s] -- Installing: /home/emitaker/ros2_ws/install/turtlesim/share/turtlesim/environment/path.dsv
[99.019s] -- Installing: /home/emitaker/ros2_ws/install/turtlesim/share/turtlesim/local_setup.bash
[99.021s] -- Installing: /home/emitaker/ros2_ws/install/turtlesim/share/turtlesim/local_setup.sh
[99.023s] -- Installing: /home/emitaker/ros2_ws/install/turtlesim/share/turtlesim/local_setup.zsh
[99.024s] -- Installing: /home/emitaker/ros2_ws/install/turtlesim/share/turtlesim/local_setup.dsv
[99.025s] -- Installing: /home/emitaker/ros2_ws/install/turtlesim/share/turtlesim/package.dsv
[99.027s] -- Installing: /home/emitaker/ros2_ws/install/turtlesim/share/ament_index/resource_index/packages/turtlesim
[99.028s] -- Installing: /home/emitaker/ros2_ws/install/turtlesim/share/turtlesim/cmake/export_turtlesim__rosidl_generator_cExport.cmake
[99.028s] -- Installing: /home/emitaker/ros2_ws/install/turtlesim/share/turtlesim/cmake/export_turtlesim__rosidl_generator_cExport-noconfig.cmake
[99.030s] -- Installing: /home/emitaker/ros2_ws/install/turtlesim/share/turtlesim/cmake/export_turtlesim__rosidl_typesupport_fastrtps_cExport.cmake
[99.031s] -- Installing: /home/emitaker/ros2_ws/install/turtlesim/share/turtlesim/cmake/export_turtlesim__rosidl_typesupport_fastrtps_cExport-noconfig.cmake
[99.032s] -- Installing: /home/emitaker/ros2_ws/install/turtlesim/share/turtlesim/cmake/export_turtlesim__rosidl_generator_cppExport.cmake
[99.033s] -- Installing: /home/emitaker/ros2_ws/install/turtlesim/share/turtlesim/cmake/export_turtlesim__rosidl_typesupport_fastrtps_cppExport.cmake
[99.034s] -- Installing: /home/emitaker/ros2_ws/install/turtlesim/share/turtlesim/cmake/export_turtlesim__rosidl_typesupport_fastrtps_cppExport-noconfig.cmake
[99.036s] -- Installing: /home/emitaker/ros2_ws/install/turtlesim/share/turtlesim/cmake/turtlesim__rosidl_typesupport_introspection_cExport.cmake
[99.039s] -- Installing: /home/emitaker/ros2_ws/install/turtlesim/share/turtlesim/cmake/turtlesim__rosidl_typesupport_introspection_cExport-noconfig.cmake
[99.040s] -- Installing: /home/emitaker/ros2_ws/install/turtlesim/share/turtlesim/cmake/turtlesim__rosidl_typesupport_cExport.cmake
[99.042s] -- Installing: /home/emitaker/ros2_ws/install/turtlesim/share/turtlesim/cmake/turtlesim__rosidl_typesupport_cExport-noconfig.cmake
[99.043s] -- Installing: /home/emitaker/ros2_ws/install/turtlesim/share/turtlesim/cmake/turtlesim__rosidl_typesupport_introspection_cppExport.cmake
[99.044s] -- Installing: /home/emitaker/ros2_ws/install/turtlesim/share/turtlesim/cmake/turtlesim__rosidl_typesupport_introspection_cppExport-noconfig.cmake
[99.046s] -- Installing: /home/emitaker/ros2_ws/install/turtlesim/share/turtlesim/cmake/turtlesim__rosidl_typesupport_cppExport.cmake
[99.049s] -- Installing: /home/emitaker/ros2_ws/install/turtlesim/share/turtlesim/cmake/turtlesim__rosidl_typesupport_cppExport-noconfig.cmake
[99.050s] -- Installing: /home/emitaker/ros2_ws/install/turtlesim/share/turtlesim/cmake/export_turtlesim__rosidl_generator_pyExport.cmake
[99.051s] -- Installing: /home/emitaker/ros2_ws/install/turtlesim/share/turtlesim/cmake/export_turtlesim__rosidl_generator_pyExport-noconfig.cmake
[99.053s] -- Installing: /home/emitaker/ros2_ws/install/turtlesim/share/turtlesim/cmake/rosidl_cmake-extras.cmake
[99.055s] -- Installing: /home/emitaker/ros2_ws/install/turtlesim/share/turtlesim/cmake/ament_cmake_export_dependencies-extras.cmake
[99.056s] -- Installing: /home/emitaker/ros2_ws/install/turtlesim/share/turtlesim/cmake/ament_cmake_export_include_directories-extras.cmake
[99.057s] -- Installing: /home/emitaker/ros2_ws/install/turtlesim/share/turtlesim/cmake/ament_cmake_export_libraries-extras.cmake
[99.058s] -- Installing: /home/emitaker/ros2_ws/install/turtlesim/share/turtlesim/cmake/ament_cmake_export_targets-extras.cmake
[99.060s] -- Installing: /home/emitaker/ros2_ws/install/turtlesim/share/turtlesim/cmake/rosidl_cmake_export_typesupport_targets-extras.cmake
[99.062s] -- Installing: /home/emitaker/ros2_ws/install/turtlesim/share/turtlesim/cmake/rosidl_cmake_export_typesupport_libraries-extras.cmake
[99.064s] -- Installing: /home/emitaker/ros2_ws/install/turtlesim/share/turtlesim/cmake/turtlesimConfig.cmake
[99.067s] -- Installing: /home/emitaker/ros2_ws/install/turtlesim/share/turtlesim/cmake/turtlesimConfig-version.cmake
[99.068s] -- Installing: /home/emitaker/ros2_ws/install/turtlesim/share/turtlesim/package.xml
[99.095s] Invoked command in '/home/emitaker/ros2_ws/build/turtlesim' returned '0': CMAKE_PREFIX_PATH=/opt/ros/humble /usr/bin/cmake --install /home/emitaker/ros2_ws/build/turtlesim
