[0.219s] DEBUG:colcon:Command line arguments: ['/home/emitaker/.local/bin/colcon', 'build']
[0.219s] DEBUG:colcon:Parsed command line arguments: Namespace(log_base=None, log_level=None, verb_name='build', build_base='build', install_base='install', merge_install=False, symlink_install=False, test_result_base=None, continue_on_error=False, executor='parallel', parallel_workers=6, event_handlers=None, ignore_user_meta=False, metas=['./colcon.meta'], base_paths=['.'], packages_ignore=None, packages_ignore_regex=None, paths=None, packages_up_to=None, packages_up_to_regex=None, packages_above=None, packages_above_and_dependencies=None, packages_above_depth=None, packages_select_by_dep=None, packages_skip_by_dep=None, packages_skip_up_to=None, packages_select_build_failed=False, packages_skip_build_finished=False, packages_select_test_failures=False, packages_skip_test_passed=False, packages_select=None, packages_skip=None, packages_select_regex=None, packages_skip_regex=None, packages_start=None, packages_end=None, allow_overriding=[], cmake_args=None, cmake_target=None, cmake_target_skip_unavailable=False, cmake_clean_cache=False, cmake_clean_first=False, cmake_force_configure=False, ament_cmake_args=None, catkin_cmake_args=None, catkin_skip_building_tests=False, verb_parser=<colcon_defaults.argument_parser.defaults.DefaultArgumentsDecorator object at 0x72d586802620>, verb_extension=<colcon_core.verb.build.BuildVerb object at 0x72d586802050>, main=<bound method BuildVerb.main of <colcon_core.verb.build.BuildVerb object at 0x72d586802050>>)
[0.431s] Level 1:colcon.colcon_core.package_discovery:discover_packages(colcon_meta) check parameters
[0.432s] Level 1:colcon.colcon_core.package_discovery:discover_packages(recursive) check parameters
[0.432s] Level 1:colcon.colcon_core.package_discovery:discover_packages(ignore) check parameters
[0.432s] Level 1:colcon.colcon_core.package_discovery:discover_packages(path) check parameters
[0.432s] Level 1:colcon.colcon_core.package_discovery:discover_packages(colcon_meta) discover
[0.432s] Level 1:colcon.colcon_core.package_discovery:discover_packages(recursive) discover
[0.432s] INFO:colcon.colcon_core.package_discovery:Crawling recursively for packages in '/home/emitaker/ros2_ws'
[0.432s] Level 1:colcon.colcon_core.package_identification:_identify(.) by extensions ['ignore', 'ignore_ament_install']
[0.432s] Level 1:colcon.colcon_core.package_identification:_identify(.) by extension 'ignore'
[0.432s] Level 1:colcon.colcon_core.package_identification:_identify(.) by extension 'ignore_ament_install'
[0.432s] Level 1:colcon.colcon_core.package_identification:_identify(.) by extensions ['colcon_pkg']
[0.432s] Level 1:colcon.colcon_core.package_identification:_identify(.) by extension 'colcon_pkg'
[0.432s] Level 1:colcon.colcon_core.package_identification:_identify(.) by extensions ['colcon_meta']
[0.432s] Level 1:colcon.colcon_core.package_identification:_identify(.) by extension 'colcon_meta'
[0.432s] Level 1:colcon.colcon_core.package_identification:_identify(.) by extensions ['ros']
[0.432s] Level 1:colcon.colcon_core.package_identification:_identify(.) by extension 'ros'
[0.448s] Level 1:colcon.colcon_core.package_identification:_identify(.) by extensions ['cmake', 'python']
[0.449s] Level 1:colcon.colcon_core.package_identification:_identify(.) by extension 'cmake'
[0.449s] Level 1:colcon.colcon_core.package_identification:_identify(.) by extension 'python'
[0.449s] Level 1:colcon.colcon_core.package_identification:_identify(.) by extensions ['python_setup_py']
[0.449s] Level 1:colcon.colcon_core.package_identification:_identify(.) by extension 'python_setup_py'
[0.449s] Level 1:colcon.colcon_core.package_identification:_identify(build) by extensions ['ignore', 'ignore_ament_install']
[0.449s] Level 1:colcon.colcon_core.package_identification:_identify(build) by extension 'ignore'
[0.449s] Level 1:colcon.colcon_core.package_identification:_identify(build) ignored
[0.449s] Level 1:colcon.colcon_core.package_identification:_identify(install) by extensions ['ignore', 'ignore_ament_install']
[0.449s] Level 1:colcon.colcon_core.package_identification:_identify(install) by extension 'ignore'
[0.449s] Level 1:colcon.colcon_core.package_identification:_identify(install) ignored
[0.449s] Level 1:colcon.colcon_core.package_identification:_identify(log) by extensions ['ignore', 'ignore_ament_install']
[0.450s] Level 1:colcon.colcon_core.package_identification:_identify(log) by extension 'ignore'
[0.450s] Level 1:colcon.colcon_core.package_identification:_identify(log) ignored
[0.450s] Level 1:colcon.colcon_core.package_identification:_identify(src) by extensions ['ignore', 'ignore_ament_install']
[0.450s] Level 1:colcon.colcon_core.package_identification:_identify(src) by extension 'ignore'
[0.450s] Level 1:colcon.colcon_core.package_identification:_identify(src) by extension 'ignore_ament_install'
[0.450s] Level 1:colcon.colcon_core.package_identification:_identify(src) by extensions ['colcon_pkg']
[0.450s] Level 1:colcon.colcon_core.package_identification:_identify(src) by extension 'colcon_pkg'
[0.450s] Level 1:colcon.colcon_core.package_identification:_identify(src) by extensions ['colcon_meta']
[0.450s] Level 1:colcon.colcon_core.package_identification:_identify(src) by extension 'colcon_meta'
[0.450s] Level 1:colcon.colcon_core.package_identification:_identify(src) by extensions ['ros']
[0.450s] Level 1:colcon.colcon_core.package_identification:_identify(src) by extension 'ros'
[0.450s] Level 1:colcon.colcon_core.package_identification:_identify(src) by extensions ['cmake', 'python']
[0.450s] Level 1:colcon.colcon_core.package_identification:_identify(src) by extension 'cmake'
[0.450s] Level 1:colcon.colcon_core.package_identification:_identify(src) by extension 'python'
[0.450s] Level 1:colcon.colcon_core.package_identification:_identify(src) by extensions ['python_setup_py']
[0.450s] Level 1:colcon.colcon_core.package_identification:_identify(src) by extension 'python_setup_py'
[0.450s] Level 1:colcon.colcon_core.package_identification:_identify(src/basic_comm) by extensions ['ignore', 'ignore_ament_install']
[0.450s] Level 1:colcon.colcon_core.package_identification:_identify(src/basic_comm) by extension 'ignore'
[0.451s] Level 1:colcon.colcon_core.package_identification:_identify(src/basic_comm) by extension 'ignore_ament_install'
[0.451s] Level 1:colcon.colcon_core.package_identification:_identify(src/basic_comm) by extensions ['colcon_pkg']
[0.451s] Level 1:colcon.colcon_core.package_identification:_identify(src/basic_comm) by extension 'colcon_pkg'
[0.451s] Level 1:colcon.colcon_core.package_identification:_identify(src/basic_comm) by extensions ['colcon_meta']
[0.451s] Level 1:colcon.colcon_core.package_identification:_identify(src/basic_comm) by extension 'colcon_meta'
[0.451s] Level 1:colcon.colcon_core.package_identification:_identify(src/basic_comm) by extensions ['ros']
[0.451s] Level 1:colcon.colcon_core.package_identification:_identify(src/basic_comm) by extension 'ros'
[0.454s] DEBUG:colcon.colcon_core.package_identification:Package 'src/basic_comm' with type 'ros.ament_python' and name 'basic_comm'
[0.454s] Level 1:colcon.colcon_core.package_identification:_identify(src/urdf_tutorial_r2d2) by extensions ['ignore', 'ignore_ament_install']
[0.454s] Level 1:colcon.colcon_core.package_identification:_identify(src/urdf_tutorial_r2d2) by extension 'ignore'
[0.454s] Level 1:colcon.colcon_core.package_identification:_identify(src/urdf_tutorial_r2d2) by extension 'ignore_ament_install'
[0.455s] Level 1:colcon.colcon_core.package_identification:_identify(src/urdf_tutorial_r2d2) by extensions ['colcon_pkg']
[0.455s] Level 1:colcon.colcon_core.package_identification:_identify(src/urdf_tutorial_r2d2) by extension 'colcon_pkg'
[0.455s] Level 1:colcon.colcon_core.package_identification:_identify(src/urdf_tutorial_r2d2) by extensions ['colcon_meta']
[0.455s] Level 1:colcon.colcon_core.package_identification:_identify(src/urdf_tutorial_r2d2) by extension 'colcon_meta'
[0.455s] Level 1:colcon.colcon_core.package_identification:_identify(src/urdf_tutorial_r2d2) by extensions ['ros']
[0.455s] Level 1:colcon.colcon_core.package_identification:_identify(src/urdf_tutorial_r2d2) by extension 'ros'
[0.456s] DEBUG:colcon.colcon_core.package_identification:Package 'src/urdf_tutorial_r2d2' with type 'ros.ament_python' and name 'urdf_tutorial_r2d2'
[0.456s] Level 1:colcon.colcon_core.package_discovery:discover_packages(recursive) using defaults
[0.456s] Level 1:colcon.colcon_core.package_discovery:discover_packages(ignore) discover
[0.456s] Level 1:colcon.colcon_core.package_discovery:discover_packages(ignore) using defaults
[0.456s] Level 1:colcon.colcon_core.package_discovery:discover_packages(path) discover
[0.456s] Level 1:colcon.colcon_core.package_discovery:discover_packages(path) using defaults
[0.495s] Level 1:colcon.colcon_core.package_discovery:discover_packages(prefix_path) check parameters
[0.495s] Level 1:colcon.colcon_core.package_discovery:discover_packages(prefix_path) discover
[0.499s] DEBUG:colcon.colcon_installed_package_information.package_discovery:Found 3 installed packages in /home/emitaker/ros2_ws/install
[0.500s] DEBUG:colcon.colcon_installed_package_information.package_discovery:Found 275 installed packages in /opt/ros/humble
[0.502s] Level 1:colcon.colcon_core.package_discovery:discover_packages(prefix_path) using defaults
[0.568s] Level 5:colcon.colcon_core.verb:set package 'basic_comm' build argument 'cmake_args' from command line to 'None'
[0.568s] Level 5:colcon.colcon_core.verb:set package 'basic_comm' build argument 'cmake_target' from command line to 'None'
[0.568s] Level 5:colcon.colcon_core.verb:set package 'basic_comm' build argument 'cmake_target_skip_unavailable' from command line to 'False'
[0.568s] Level 5:colcon.colcon_core.verb:set package 'basic_comm' build argument 'cmake_clean_cache' from command line to 'False'
[0.568s] Level 5:colcon.colcon_core.verb:set package 'basic_comm' build argument 'cmake_clean_first' from command line to 'False'
[0.568s] Level 5:colcon.colcon_core.verb:set package 'basic_comm' build argument 'cmake_force_configure' from command line to 'False'
[0.568s] Level 5:colcon.colcon_core.verb:set package 'basic_comm' build argument 'ament_cmake_args' from command line to 'None'
[0.568s] Level 5:colcon.colcon_core.verb:set package 'basic_comm' build argument 'catkin_cmake_args' from command line to 'None'
[0.568s] Level 5:colcon.colcon_core.verb:set package 'basic_comm' build argument 'catkin_skip_building_tests' from command line to 'False'
[0.568s] DEBUG:colcon.colcon_core.verb:Building package 'basic_comm' with the following arguments: {'ament_cmake_args': None, 'build_base': '/home/emitaker/ros2_ws/build/basic_comm', 'catkin_cmake_args': None, 'catkin_skip_building_tests': False, 'cmake_args': None, 'cmake_clean_cache': False, 'cmake_clean_first': False, 'cmake_force_configure': False, 'cmake_target': None, 'cmake_target_skip_unavailable': False, 'install_base': '/home/emitaker/ros2_ws/install/basic_comm', 'merge_install': False, 'path': '/home/emitaker/ros2_ws/src/basic_comm', 'symlink_install': False, 'test_result_base': None}
[0.568s] Level 5:colcon.colcon_core.verb:set package 'urdf_tutorial_r2d2' build argument 'cmake_args' from command line to 'None'
[0.568s] Level 5:colcon.colcon_core.verb:set package 'urdf_tutorial_r2d2' build argument 'cmake_target' from command line to 'None'
[0.569s] Level 5:colcon.colcon_core.verb:set package 'urdf_tutorial_r2d2' build argument 'cmake_target_skip_unavailable' from command line to 'False'
[0.569s] Level 5:colcon.colcon_core.verb:set package 'urdf_tutorial_r2d2' build argument 'cmake_clean_cache' from command line to 'False'
[0.569s] Level 5:colcon.colcon_core.verb:set package 'urdf_tutorial_r2d2' build argument 'cmake_clean_first' from command line to 'False'
[0.569s] Level 5:colcon.colcon_core.verb:set package 'urdf_tutorial_r2d2' build argument 'cmake_force_configure' from command line to 'False'
[0.569s] Level 5:colcon.colcon_core.verb:set package 'urdf_tutorial_r2d2' build argument 'ament_cmake_args' from command line to 'None'
[0.569s] Level 5:colcon.colcon_core.verb:set package 'urdf_tutorial_r2d2' build argument 'catkin_cmake_args' from command line to 'None'
[0.569s] Level 5:colcon.colcon_core.verb:set package 'urdf_tutorial_r2d2' build argument 'catkin_skip_building_tests' from command line to 'False'
[0.569s] DEBUG:colcon.colcon_core.verb:Building package 'urdf_tutorial_r2d2' with the following arguments: {'ament_cmake_args': None, 'build_base': '/home/emitaker/ros2_ws/build/urdf_tutorial_r2d2', 'catkin_cmake_args': None, 'catkin_skip_building_tests': False, 'cmake_args': None, 'cmake_clean_cache': False, 'cmake_clean_first': False, 'cmake_force_configure': False, 'cmake_target': None, 'cmake_target_skip_unavailable': False, 'install_base': '/home/emitaker/ros2_ws/install/urdf_tutorial_r2d2', 'merge_install': False, 'path': '/home/emitaker/ros2_ws/src/urdf_tutorial_r2d2', 'symlink_install': False, 'test_result_base': None}
[0.569s] INFO:colcon.colcon_core.executor:Executing jobs using 'parallel' executor
[0.572s] DEBUG:colcon.colcon_parallel_executor.executor.parallel:run_until_complete
[0.572s] INFO:colcon.colcon_ros.task.ament_python.build:Building ROS package in '/home/emitaker/ros2_ws/src/basic_comm' with build type 'ament_python'
[0.572s] Level 1:colcon.colcon_core.shell:create_environment_hook('basic_comm', 'ament_prefix_path')
[0.576s] INFO:colcon.colcon_core.plugin_system:Skipping extension 'colcon_core.shell.bat': Not used on non-Windows systems
[0.576s] INFO:colcon.colcon_core.shell:Creating environment hook '/home/emitaker/ros2_ws/install/basic_comm/share/basic_comm/hook/ament_prefix_path.ps1'
[0.577s] INFO:colcon.colcon_core.shell:Creating environment descriptor '/home/emitaker/ros2_ws/install/basic_comm/share/basic_comm/hook/ament_prefix_path.dsv'
[0.579s] INFO:colcon.colcon_core.shell:Creating environment hook '/home/emitaker/ros2_ws/install/basic_comm/share/basic_comm/hook/ament_prefix_path.sh'
[0.580s] INFO:colcon.colcon_core.shell:Skip shell extension 'powershell' for command environment: Not usable outside of PowerShell
[0.580s] DEBUG:colcon.colcon_core.shell:Skip shell extension 'dsv' for command environment
[0.588s] INFO:colcon.colcon_ros.task.ament_python.build:Building ROS package in '/home/emitaker/ros2_ws/src/urdf_tutorial_r2d2' with build type 'ament_python'
[0.588s] Level 1:colcon.colcon_core.shell:create_environment_hook('urdf_tutorial_r2d2', 'ament_prefix_path')
[0.589s] INFO:colcon.colcon_core.shell:Creating environment hook '/home/emitaker/ros2_ws/install/urdf_tutorial_r2d2/share/urdf_tutorial_r2d2/hook/ament_prefix_path.ps1'
[0.591s] INFO:colcon.colcon_core.shell:Creating environment descriptor '/home/emitaker/ros2_ws/install/urdf_tutorial_r2d2/share/urdf_tutorial_r2d2/hook/ament_prefix_path.dsv'
[0.591s] INFO:colcon.colcon_core.shell:Creating environment hook '/home/emitaker/ros2_ws/install/urdf_tutorial_r2d2/share/urdf_tutorial_r2d2/hook/ament_prefix_path.sh'
[0.595s] INFO:colcon.colcon_core.shell:Skip shell extension 'powershell' for command environment: Not usable outside of PowerShell
[0.595s] DEBUG:colcon.colcon_core.shell:Skip shell extension 'dsv' for command environment
[0.919s] INFO:colcon.colcon_core.task.python.build:Building Python package in '/home/emitaker/ros2_ws/src/basic_comm'
[0.919s] INFO:colcon.colcon_core.shell:Skip shell extension 'powershell' for command environment: Not usable outside of PowerShell
[0.919s] DEBUG:colcon.colcon_core.shell:Skip shell extension 'dsv' for command environment
[1.257s] INFO:colcon.colcon_core.task.python.build:Building Python package in '/home/emitaker/ros2_ws/src/urdf_tutorial_r2d2'
[1.258s] INFO:colcon.colcon_core.shell:Skip shell extension 'powershell' for command environment: Not usable outside of PowerShell
[1.258s] DEBUG:colcon.colcon_core.shell:Skip shell extension 'dsv' for command environment
[1.749s] DEBUG:colcon.colcon_core.event_handler.log_command:Invoking command in '/home/emitaker/ros2_ws/src/basic_comm': PYTHONPATH=/home/emitaker/ros2_ws/build/basic_comm/prefix_override:/home/emitaker/.local/lib/python3.10/site-packages/colcon_core/task/python/colcon_distutils_commands:/home/emitaker/ros2_ws/install/basic_comm/lib/python3.10/site-packages:${PYTHONPATH} /usr/bin/python3 -W ignore:setup.py install is deprecated setup.py egg_info --egg-base ../../build/basic_comm build --build-base /home/emitaker/ros2_ws/build/basic_comm/build install --record /home/emitaker/ros2_ws/build/basic_comm/install.log --single-version-externally-managed install_data
[1.753s] DEBUG:colcon.colcon_core.event_handler.log_command:Invoking command in '/home/emitaker/ros2_ws/src/urdf_tutorial_r2d2': PYTHONPATH=/home/emitaker/ros2_ws/build/urdf_tutorial_r2d2/prefix_override:/home/emitaker/.local/lib/python3.10/site-packages/colcon_core/task/python/colcon_distutils_commands:/home/emitaker/ros2_ws/install/urdf_tutorial_r2d2/lib/python3.10/site-packages:${PYTHONPATH} /usr/bin/python3 -W ignore:setup.py install is deprecated setup.py egg_info --egg-base ../../build/urdf_tutorial_r2d2 build --build-base /home/emitaker/ros2_ws/build/urdf_tutorial_r2d2/build install --record /home/emitaker/ros2_ws/build/urdf_tutorial_r2d2/install.log --single-version-externally-managed install_data
[2.121s] DEBUG:colcon.colcon_core.event_handler.log_command:Invoked command in '/home/emitaker/ros2_ws/src/basic_comm' returned '0': PYTHONPATH=/home/emitaker/ros2_ws/build/basic_comm/prefix_override:/home/emitaker/.local/lib/python3.10/site-packages/colcon_core/task/python/colcon_distutils_commands:/home/emitaker/ros2_ws/install/basic_comm/lib/python3.10/site-packages:${PYTHONPATH} /usr/bin/python3 -W ignore:setup.py install is deprecated setup.py egg_info --egg-base ../../build/basic_comm build --build-base /home/emitaker/ros2_ws/build/basic_comm/build install --record /home/emitaker/ros2_ws/build/basic_comm/install.log --single-version-externally-managed install_data
[2.127s] Level 1:colcon.colcon_core.environment:checking '/home/emitaker/ros2_ws/install/basic_comm' for CMake module files
[2.128s] Level 1:colcon.colcon_core.environment:checking '/home/emitaker/ros2_ws/install/basic_comm' for CMake config files
[2.129s] Level 1:colcon.colcon_core.environment:checking '/home/emitaker/ros2_ws/install/basic_comm/lib'
[2.129s] Level 1:colcon.colcon_core.environment:checking '/home/emitaker/ros2_ws/install/basic_comm/bin'
[2.130s] Level 1:colcon.colcon_core.environment:checking '/home/emitaker/ros2_ws/install/basic_comm/lib/pkgconfig/basic_comm.pc'
[2.130s] Level 1:colcon.colcon_core.environment:checking '/home/emitaker/ros2_ws/install/basic_comm/lib/python3.10/site-packages'
[2.130s] Level 1:colcon.colcon_core.shell:create_environment_hook('basic_comm', 'pythonpath')
[2.131s] INFO:colcon.colcon_core.shell:Creating environment hook '/home/emitaker/ros2_ws/install/basic_comm/share/basic_comm/hook/pythonpath.ps1'
[2.132s] INFO:colcon.colcon_core.shell:Creating environment descriptor '/home/emitaker/ros2_ws/install/basic_comm/share/basic_comm/hook/pythonpath.dsv'
[2.133s] INFO:colcon.colcon_core.shell:Creating environment hook '/home/emitaker/ros2_ws/install/basic_comm/share/basic_comm/hook/pythonpath.sh'
[2.135s] Level 1:colcon.colcon_core.environment:checking '/home/emitaker/ros2_ws/install/basic_comm/bin'
[2.135s] Level 1:colcon.colcon_core.environment:create_environment_scripts_only(basic_comm)
[2.135s] INFO:colcon.colcon_core.shell:Creating package script '/home/emitaker/ros2_ws/install/basic_comm/share/basic_comm/package.ps1'
[2.137s] INFO:colcon.colcon_core.shell:Creating package descriptor '/home/emitaker/ros2_ws/install/basic_comm/share/basic_comm/package.dsv'
[2.139s] INFO:colcon.colcon_core.shell:Creating package script '/home/emitaker/ros2_ws/install/basic_comm/share/basic_comm/package.sh'
[2.140s] INFO:colcon.colcon_core.shell:Creating package script '/home/emitaker/ros2_ws/install/basic_comm/share/basic_comm/package.bash'
[2.142s] INFO:colcon.colcon_core.shell:Creating package script '/home/emitaker/ros2_ws/install/basic_comm/share/basic_comm/package.zsh'
[2.143s] Level 1:colcon.colcon_core.environment:create_file_with_runtime_dependencies(/home/emitaker/ros2_ws/install/basic_comm/share/colcon-core/packages/basic_comm)
[2.147s] Level 1:colcon.colcon_core.environment:checking '/home/emitaker/ros2_ws/install/urdf_tutorial_r2d2' for CMake module files
[2.148s] DEBUG:colcon.colcon_core.event_handler.log_command:Invoked command in '/home/emitaker/ros2_ws/src/urdf_tutorial_r2d2' returned '0': PYTHONPATH=/home/emitaker/ros2_ws/build/urdf_tutorial_r2d2/prefix_override:/home/emitaker/.local/lib/python3.10/site-packages/colcon_core/task/python/colcon_distutils_commands:/home/emitaker/ros2_ws/install/urdf_tutorial_r2d2/lib/python3.10/site-packages:${PYTHONPATH} /usr/bin/python3 -W ignore:setup.py install is deprecated setup.py egg_info --egg-base ../../build/urdf_tutorial_r2d2 build --build-base /home/emitaker/ros2_ws/build/urdf_tutorial_r2d2/build install --record /home/emitaker/ros2_ws/build/urdf_tutorial_r2d2/install.log --single-version-externally-managed install_data
[2.148s] Level 1:colcon.colcon_core.environment:checking '/home/emitaker/ros2_ws/install/urdf_tutorial_r2d2' for CMake config files
[2.150s] Level 1:colcon.colcon_core.environment:checking '/home/emitaker/ros2_ws/install/urdf_tutorial_r2d2/lib'
[2.150s] Level 1:colcon.colcon_core.environment:checking '/home/emitaker/ros2_ws/install/urdf_tutorial_r2d2/bin'
[2.150s] Level 1:colcon.colcon_core.environment:checking '/home/emitaker/ros2_ws/install/urdf_tutorial_r2d2/lib/pkgconfig/urdf_tutorial_r2d2.pc'
[2.151s] Level 1:colcon.colcon_core.environment:checking '/home/emitaker/ros2_ws/install/urdf_tutorial_r2d2/lib/python3.10/site-packages'
[2.151s] Level 1:colcon.colcon_core.shell:create_environment_hook('urdf_tutorial_r2d2', 'pythonpath')
[2.151s] INFO:colcon.colcon_core.shell:Creating environment hook '/home/emitaker/ros2_ws/install/urdf_tutorial_r2d2/share/urdf_tutorial_r2d2/hook/pythonpath.ps1'
[2.152s] INFO:colcon.colcon_core.shell:Creating environment descriptor '/home/emitaker/ros2_ws/install/urdf_tutorial_r2d2/share/urdf_tutorial_r2d2/hook/pythonpath.dsv'
[2.153s] INFO:colcon.colcon_core.shell:Creating environment hook '/home/emitaker/ros2_ws/install/urdf_tutorial_r2d2/share/urdf_tutorial_r2d2/hook/pythonpath.sh'
[2.155s] Level 1:colcon.colcon_core.environment:checking '/home/emitaker/ros2_ws/install/urdf_tutorial_r2d2/bin'
[2.155s] Level 1:colcon.colcon_core.environment:create_environment_scripts_only(urdf_tutorial_r2d2)
[2.155s] INFO:colcon.colcon_core.shell:Creating package script '/home/emitaker/ros2_ws/install/urdf_tutorial_r2d2/share/urdf_tutorial_r2d2/package.ps1'
[2.157s] INFO:colcon.colcon_core.shell:Creating package descriptor '/home/emitaker/ros2_ws/install/urdf_tutorial_r2d2/share/urdf_tutorial_r2d2/package.dsv'
[2.158s] INFO:colcon.colcon_core.shell:Creating package script '/home/emitaker/ros2_ws/install/urdf_tutorial_r2d2/share/urdf_tutorial_r2d2/package.sh'
[2.159s] INFO:colcon.colcon_core.shell:Creating package script '/home/emitaker/ros2_ws/install/urdf_tutorial_r2d2/share/urdf_tutorial_r2d2/package.bash'
[2.160s] INFO:colcon.colcon_core.shell:Creating package script '/home/emitaker/ros2_ws/install/urdf_tutorial_r2d2/share/urdf_tutorial_r2d2/package.zsh'
[2.162s] Level 1:colcon.colcon_core.environment:create_file_with_runtime_dependencies(/home/emitaker/ros2_ws/install/urdf_tutorial_r2d2/share/colcon-core/packages/urdf_tutorial_r2d2)
[2.163s] DEBUG:colcon.colcon_parallel_executor.executor.parallel:closing loop
[2.164s] DEBUG:colcon.colcon_parallel_executor.executor.parallel:loop closed
[2.164s] DEBUG:colcon.colcon_parallel_executor.executor.parallel:run_until_complete finished with '0'
[2.164s] DEBUG:colcon.colcon_core.event_reactor:joining thread
[2.180s] INFO:colcon.colcon_core.plugin_system:Skipping extension 'colcon_notification.desktop_notification.terminal_notifier': Not used on non-Darwin systems
[2.180s] INFO:colcon.colcon_core.plugin_system:Skipping extension 'colcon_notification.desktop_notification.win32': Not used on non-Windows systems
[2.180s] INFO:colcon.colcon_notification.desktop_notification:Sending desktop notification using 'notify2'
[2.209s] DEBUG:colcon.colcon_core.event_reactor:joined thread
[2.210s] INFO:colcon.colcon_core.shell:Creating prefix script '/home/emitaker/ros2_ws/install/local_setup.ps1'
[2.211s] INFO:colcon.colcon_core.shell:Creating prefix util module '/home/emitaker/ros2_ws/install/_local_setup_util_ps1.py'
[2.214s] INFO:colcon.colcon_core.shell:Creating prefix chain script '/home/emitaker/ros2_ws/install/setup.ps1'
[2.216s] INFO:colcon.colcon_core.shell:Creating prefix script '/home/emitaker/ros2_ws/install/local_setup.sh'
[2.217s] INFO:colcon.colcon_core.shell:Creating prefix util module '/home/emitaker/ros2_ws/install/_local_setup_util_sh.py'
[2.219s] INFO:colcon.colcon_core.shell:Creating prefix chain script '/home/emitaker/ros2_ws/install/setup.sh'
[2.221s] INFO:colcon.colcon_core.shell:Creating prefix script '/home/emitaker/ros2_ws/install/local_setup.bash'
[2.222s] INFO:colcon.colcon_core.shell:Creating prefix chain script '/home/emitaker/ros2_ws/install/setup.bash'
[2.225s] INFO:colcon.colcon_core.shell:Creating prefix script '/home/emitaker/ros2_ws/install/local_setup.zsh'
[2.227s] INFO:colcon.colcon_core.shell:Creating prefix chain script '/home/emitaker/ros2_ws/install/setup.zsh'
