[0.826s] DEBUG:colcon:Command line arguments: ['/home/emitaker/.local/bin/colcon', 'build']
[0.826s] DEBUG:colcon:Parsed command line arguments: Namespace(log_base=None, log_level=None, verb_name='build', build_base='build', install_base='install', merge_install=False, symlink_install=False, test_result_base=None, continue_on_error=False, executor='parallel', parallel_workers=6, event_handlers=None, ignore_user_meta=False, metas=['./colcon.meta'], base_paths=['.'], packages_ignore=None, packages_ignore_regex=None, paths=None, packages_up_to=None, packages_up_to_regex=None, packages_above=None, packages_above_and_dependencies=None, packages_above_depth=None, packages_select_by_dep=None, packages_skip_by_dep=None, packages_skip_up_to=None, packages_select_build_failed=False, packages_skip_build_finished=False, packages_select_test_failures=False, packages_skip_test_passed=False, packages_select=None, packages_skip=None, packages_select_regex=None, packages_skip_regex=None, packages_start=None, packages_end=None, allow_overriding=[], cmake_args=None, cmake_target=None, cmake_target_skip_unavailable=False, cmake_clean_cache=False, cmake_clean_first=False, cmake_force_configure=False, ament_cmake_args=None, catkin_cmake_args=None, catkin_skip_building_tests=False, verb_parser=<colcon_defaults.argument_parser.defaults.DefaultArgumentsDecorator object at 0x73b9e2f06530>, verb_extension=<colcon_core.verb.build.BuildVerb object at 0x73b9e2f05f60>, main=<bound method BuildVerb.main of <colcon_core.verb.build.BuildVerb object at 0x73b9e2f05f60>>)
[1.805s] Level 1:colcon.colcon_core.package_discovery:discover_packages(colcon_meta) check parameters
[1.806s] Level 1:colcon.colcon_core.package_discovery:discover_packages(recursive) check parameters
[1.806s] Level 1:colcon.colcon_core.package_discovery:discover_packages(ignore) check parameters
[1.806s] Level 1:colcon.colcon_core.package_discovery:discover_packages(path) check parameters
[1.806s] Level 1:colcon.colcon_core.package_discovery:discover_packages(colcon_meta) discover
[1.806s] Level 1:colcon.colcon_core.package_discovery:discover_packages(recursive) discover
[1.806s] INFO:colcon.colcon_core.package_discovery:Crawling recursively for packages in '/home/emitaker/ros2_ws'
[1.806s] Level 1:colcon.colcon_core.package_identification:_identify(.) by extensions ['ignore', 'ignore_ament_install']
[1.807s] Level 1:colcon.colcon_core.package_identification:_identify(.) by extension 'ignore'
[1.807s] Level 1:colcon.colcon_core.package_identification:_identify(.) by extension 'ignore_ament_install'
[1.807s] Level 1:colcon.colcon_core.package_identification:_identify(.) by extensions ['colcon_pkg']
[1.807s] Level 1:colcon.colcon_core.package_identification:_identify(.) by extension 'colcon_pkg'
[1.807s] Level 1:colcon.colcon_core.package_identification:_identify(.) by extensions ['colcon_meta']
[1.807s] Level 1:colcon.colcon_core.package_identification:_identify(.) by extension 'colcon_meta'
[1.807s] Level 1:colcon.colcon_core.package_identification:_identify(.) by extensions ['ros']
[1.807s] Level 1:colcon.colcon_core.package_identification:_identify(.) by extension 'ros'
[1.879s] Level 1:colcon.colcon_core.package_identification:_identify(.) by extensions ['cmake', 'python']
[1.880s] Level 1:colcon.colcon_core.package_identification:_identify(.) by extension 'cmake'
[1.880s] Level 1:colcon.colcon_core.package_identification:_identify(.) by extension 'python'
[1.880s] Level 1:colcon.colcon_core.package_identification:_identify(.) by extensions ['python_setup_py']
[1.880s] Level 1:colcon.colcon_core.package_identification:_identify(.) by extension 'python_setup_py'
[1.881s] Level 1:colcon.colcon_core.package_identification:_identify(build) by extensions ['ignore', 'ignore_ament_install']
[1.882s] Level 1:colcon.colcon_core.package_identification:_identify(build) by extension 'ignore'
[1.882s] Level 1:colcon.colcon_core.package_identification:_identify(build) ignored
[1.883s] Level 1:colcon.colcon_core.package_identification:_identify(install) by extensions ['ignore', 'ignore_ament_install']
[1.884s] Level 1:colcon.colcon_core.package_identification:_identify(install) by extension 'ignore'
[1.884s] Level 1:colcon.colcon_core.package_identification:_identify(install) ignored
[1.885s] Level 1:colcon.colcon_core.package_identification:_identify(log) by extensions ['ignore', 'ignore_ament_install']
[1.885s] Level 1:colcon.colcon_core.package_identification:_identify(log) by extension 'ignore'
[1.885s] Level 1:colcon.colcon_core.package_identification:_identify(log) ignored
[1.886s] Level 1:colcon.colcon_core.package_identification:_identify(src) by extensions ['ignore', 'ignore_ament_install']
[1.886s] Level 1:colcon.colcon_core.package_identification:_identify(src) by extension 'ignore'
[1.886s] Level 1:colcon.colcon_core.package_identification:_identify(src) by extension 'ignore_ament_install'
[1.886s] Level 1:colcon.colcon_core.package_identification:_identify(src) by extensions ['colcon_pkg']
[1.886s] Level 1:colcon.colcon_core.package_identification:_identify(src) by extension 'colcon_pkg'
[1.886s] Level 1:colcon.colcon_core.package_identification:_identify(src) by extensions ['colcon_meta']
[1.886s] Level 1:colcon.colcon_core.package_identification:_identify(src) by extension 'colcon_meta'
[1.886s] Level 1:colcon.colcon_core.package_identification:_identify(src) by extensions ['ros']
[1.886s] Level 1:colcon.colcon_core.package_identification:_identify(src) by extension 'ros'
[1.887s] Level 1:colcon.colcon_core.package_identification:_identify(src) by extensions ['cmake', 'python']
[1.887s] Level 1:colcon.colcon_core.package_identification:_identify(src) by extension 'cmake'
[1.887s] Level 1:colcon.colcon_core.package_identification:_identify(src) by extension 'python'
[1.887s] Level 1:colcon.colcon_core.package_identification:_identify(src) by extensions ['python_setup_py']
[1.888s] Level 1:colcon.colcon_core.package_identification:_identify(src) by extension 'python_setup_py'
[1.889s] Level 1:colcon.colcon_core.package_identification:_identify(src/basic_comm) by extensions ['ignore', 'ignore_ament_install']
[1.889s] Level 1:colcon.colcon_core.package_identification:_identify(src/basic_comm) by extension 'ignore'
[1.889s] Level 1:colcon.colcon_core.package_identification:_identify(src/basic_comm) by extension 'ignore_ament_install'
[1.889s] Level 1:colcon.colcon_core.package_identification:_identify(src/basic_comm) by extensions ['colcon_pkg']
[1.889s] Level 1:colcon.colcon_core.package_identification:_identify(src/basic_comm) by extension 'colcon_pkg'
[1.889s] Level 1:colcon.colcon_core.package_identification:_identify(src/basic_comm) by extensions ['colcon_meta']
[1.889s] Level 1:colcon.colcon_core.package_identification:_identify(src/basic_comm) by extension 'colcon_meta'
[1.890s] Level 1:colcon.colcon_core.package_identification:_identify(src/basic_comm) by extensions ['ros']
[1.890s] Level 1:colcon.colcon_core.package_identification:_identify(src/basic_comm) by extension 'ros'
[1.901s] DEBUG:colcon.colcon_core.package_identification:Package 'src/basic_comm' with type 'ros.ament_python' and name 'basic_comm'
[1.902s] Level 1:colcon.colcon_core.package_identification:_identify(src/urdf_tutorial_r2d2) by extensions ['ignore', 'ignore_ament_install']
[1.902s] Level 1:colcon.colcon_core.package_identification:_identify(src/urdf_tutorial_r2d2) by extension 'ignore'
[1.902s] Level 1:colcon.colcon_core.package_identification:_identify(src/urdf_tutorial_r2d2) by extension 'ignore_ament_install'
[1.902s] Level 1:colcon.colcon_core.package_identification:_identify(src/urdf_tutorial_r2d2) by extensions ['colcon_pkg']
[1.903s] Level 1:colcon.colcon_core.package_identification:_identify(src/urdf_tutorial_r2d2) by extension 'colcon_pkg'
[1.903s] Level 1:colcon.colcon_core.package_identification:_identify(src/urdf_tutorial_r2d2) by extensions ['colcon_meta']
[1.903s] Level 1:colcon.colcon_core.package_identification:_identify(src/urdf_tutorial_r2d2) by extension 'colcon_meta'
[1.903s] Level 1:colcon.colcon_core.package_identification:_identify(src/urdf_tutorial_r2d2) by extensions ['ros']
[1.903s] Level 1:colcon.colcon_core.package_identification:_identify(src/urdf_tutorial_r2d2) by extension 'ros'
[1.905s] DEBUG:colcon.colcon_core.package_identification:Package 'src/urdf_tutorial_r2d2' with type 'ros.ament_python' and name 'urdf_tutorial_r2d2'
[1.905s] Level 1:colcon.colcon_core.package_discovery:discover_packages(recursive) using defaults
[1.905s] Level 1:colcon.colcon_core.package_discovery:discover_packages(ignore) discover
[1.905s] Level 1:colcon.colcon_core.package_discovery:discover_packages(ignore) using defaults
[1.905s] Level 1:colcon.colcon_core.package_discovery:discover_packages(path) discover
[1.905s] Level 1:colcon.colcon_core.package_discovery:discover_packages(path) using defaults
[2.019s] Level 1:colcon.colcon_core.package_discovery:discover_packages(prefix_path) check parameters
[2.020s] Level 1:colcon.colcon_core.package_discovery:discover_packages(prefix_path) discover
[2.039s] DEBUG:colcon.colcon_installed_package_information.package_discovery:Found 3 installed packages in /home/emitaker/ros2_ws/install
[2.046s] DEBUG:colcon.colcon_installed_package_information.package_discovery:Found 275 installed packages in /opt/ros/humble
[2.050s] Level 1:colcon.colcon_core.package_discovery:discover_packages(prefix_path) using defaults
[2.362s] Level 5:colcon.colcon_core.verb:set package 'basic_comm' build argument 'cmake_args' from command line to 'None'
[2.363s] Level 5:colcon.colcon_core.verb:set package 'basic_comm' build argument 'cmake_target' from command line to 'None'
[2.364s] Level 5:colcon.colcon_core.verb:set package 'basic_comm' build argument 'cmake_target_skip_unavailable' from command line to 'False'
[2.364s] Level 5:colcon.colcon_core.verb:set package 'basic_comm' build argument 'cmake_clean_cache' from command line to 'False'
[2.364s] Level 5:colcon.colcon_core.verb:set package 'basic_comm' build argument 'cmake_clean_first' from command line to 'False'
[2.364s] Level 5:colcon.colcon_core.verb:set package 'basic_comm' build argument 'cmake_force_configure' from command line to 'False'
[2.364s] Level 5:colcon.colcon_core.verb:set package 'basic_comm' build argument 'ament_cmake_args' from command line to 'None'
[2.364s] Level 5:colcon.colcon_core.verb:set package 'basic_comm' build argument 'catkin_cmake_args' from command line to 'None'
[2.364s] Level 5:colcon.colcon_core.verb:set package 'basic_comm' build argument 'catkin_skip_building_tests' from command line to 'False'
[2.364s] DEBUG:colcon.colcon_core.verb:Building package 'basic_comm' with the following arguments: {'ament_cmake_args': None, 'build_base': '/home/emitaker/ros2_ws/build/basic_comm', 'catkin_cmake_args': None, 'catkin_skip_building_tests': False, 'cmake_args': None, 'cmake_clean_cache': False, 'cmake_clean_first': False, 'cmake_force_configure': False, 'cmake_target': None, 'cmake_target_skip_unavailable': False, 'install_base': '/home/emitaker/ros2_ws/install/basic_comm', 'merge_install': False, 'path': '/home/emitaker/ros2_ws/src/basic_comm', 'symlink_install': False, 'test_result_base': None}
[2.365s] Level 5:colcon.colcon_core.verb:set package 'urdf_tutorial_r2d2' build argument 'cmake_args' from command line to 'None'
[2.366s] Level 5:colcon.colcon_core.verb:set package 'urdf_tutorial_r2d2' build argument 'cmake_target' from command line to 'None'
[2.366s] Level 5:colcon.colcon_core.verb:set package 'urdf_tutorial_r2d2' build argument 'cmake_target_skip_unavailable' from command line to 'False'
[2.366s] Level 5:colcon.colcon_core.verb:set package 'urdf_tutorial_r2d2' build argument 'cmake_clean_cache' from command line to 'False'
[2.366s] Level 5:colcon.colcon_core.verb:set package 'urdf_tutorial_r2d2' build argument 'cmake_clean_first' from command line to 'False'
[2.366s] Level 5:colcon.colcon_core.verb:set package 'urdf_tutorial_r2d2' build argument 'cmake_force_configure' from command line to 'False'
[2.366s] Level 5:colcon.colcon_core.verb:set package 'urdf_tutorial_r2d2' build argument 'ament_cmake_args' from command line to 'None'
[2.366s] Level 5:colcon.colcon_core.verb:set package 'urdf_tutorial_r2d2' build argument 'catkin_cmake_args' from command line to 'None'
[2.366s] Level 5:colcon.colcon_core.verb:set package 'urdf_tutorial_r2d2' build argument 'catkin_skip_building_tests' from command line to 'False'
[2.366s] DEBUG:colcon.colcon_core.verb:Building package 'urdf_tutorial_r2d2' with the following arguments: {'ament_cmake_args': None, 'build_base': '/home/emitaker/ros2_ws/build/urdf_tutorial_r2d2', 'catkin_cmake_args': None, 'catkin_skip_building_tests': False, 'cmake_args': None, 'cmake_clean_cache': False, 'cmake_clean_first': False, 'cmake_force_configure': False, 'cmake_target': None, 'cmake_target_skip_unavailable': False, 'install_base': '/home/emitaker/ros2_ws/install/urdf_tutorial_r2d2', 'merge_install': False, 'path': '/home/emitaker/ros2_ws/src/urdf_tutorial_r2d2', 'symlink_install': False, 'test_result_base': None}
[2.366s] INFO:colcon.colcon_core.executor:Executing jobs using 'parallel' executor
[2.371s] DEBUG:colcon.colcon_parallel_executor.executor.parallel:run_until_complete
[2.374s] INFO:colcon.colcon_ros.task.ament_python.build:Building ROS package in '/home/emitaker/ros2_ws/src/basic_comm' with build type 'ament_python'
[2.374s] Level 1:colcon.colcon_core.shell:create_environment_hook('basic_comm', 'ament_prefix_path')
[2.389s] INFO:colcon.colcon_core.plugin_system:Skipping extension 'colcon_core.shell.bat': Not used on non-Windows systems
[2.390s] INFO:colcon.colcon_core.shell:Creating environment hook '/home/emitaker/ros2_ws/install/basic_comm/share/basic_comm/hook/ament_prefix_path.ps1'
[2.398s] INFO:colcon.colcon_core.shell:Creating environment descriptor '/home/emitaker/ros2_ws/install/basic_comm/share/basic_comm/hook/ament_prefix_path.dsv'
[2.402s] INFO:colcon.colcon_core.shell:Creating environment hook '/home/emitaker/ros2_ws/install/basic_comm/share/basic_comm/hook/ament_prefix_path.sh'
[2.406s] INFO:colcon.colcon_core.shell:Skip shell extension 'powershell' for command environment: Not usable outside of PowerShell
[2.406s] DEBUG:colcon.colcon_core.shell:Skip shell extension 'dsv' for command environment
[2.428s] INFO:colcon.colcon_ros.task.ament_python.build:Building ROS package in '/home/emitaker/ros2_ws/src/urdf_tutorial_r2d2' with build type 'ament_python'
[2.428s] Level 1:colcon.colcon_core.shell:create_environment_hook('urdf_tutorial_r2d2', 'ament_prefix_path')
[2.429s] INFO:colcon.colcon_core.shell:Creating environment hook '/home/emitaker/ros2_ws/install/urdf_tutorial_r2d2/share/urdf_tutorial_r2d2/hook/ament_prefix_path.ps1'
[2.436s] INFO:colcon.colcon_core.shell:Creating environment descriptor '/home/emitaker/ros2_ws/install/urdf_tutorial_r2d2/share/urdf_tutorial_r2d2/hook/ament_prefix_path.dsv'
[2.438s] INFO:colcon.colcon_core.shell:Creating environment hook '/home/emitaker/ros2_ws/install/urdf_tutorial_r2d2/share/urdf_tutorial_r2d2/hook/ament_prefix_path.sh'
[2.443s] INFO:colcon.colcon_core.shell:Skip shell extension 'powershell' for command environment: Not usable outside of PowerShell
[2.444s] DEBUG:colcon.colcon_core.shell:Skip shell extension 'dsv' for command environment
[3.305s] INFO:colcon.colcon_core.task.python.build:Building Python package in '/home/emitaker/ros2_ws/src/basic_comm'
[3.306s] INFO:colcon.colcon_core.shell:Skip shell extension 'powershell' for command environment: Not usable outside of PowerShell
[3.306s] DEBUG:colcon.colcon_core.shell:Skip shell extension 'dsv' for command environment
[4.260s] INFO:colcon.colcon_core.task.python.build:Building Python package in '/home/emitaker/ros2_ws/src/urdf_tutorial_r2d2'
[4.261s] INFO:colcon.colcon_core.shell:Skip shell extension 'powershell' for command environment: Not usable outside of PowerShell
[4.261s] DEBUG:colcon.colcon_core.shell:Skip shell extension 'dsv' for command environment
[5.786s] DEBUG:colcon.colcon_core.event_handler.log_command:Invoking command in '/home/emitaker/ros2_ws/src/basic_comm': PYTHONPATH=/home/emitaker/ros2_ws/build/basic_comm/prefix_override:/home/emitaker/.local/lib/python3.10/site-packages/colcon_core/task/python/colcon_distutils_commands:/home/emitaker/ros2_ws/install/basic_comm/lib/python3.10/site-packages:${PYTHONPATH} /usr/bin/python3 -W ignore:setup.py install is deprecated setup.py egg_info --egg-base ../../build/basic_comm build --build-base /home/emitaker/ros2_ws/build/basic_comm/build install --record /home/emitaker/ros2_ws/build/basic_comm/install.log --single-version-externally-managed install_data
[5.798s] DEBUG:colcon.colcon_core.event_handler.log_command:Invoking command in '/home/emitaker/ros2_ws/src/urdf_tutorial_r2d2': PYTHONPATH=/home/emitaker/ros2_ws/build/urdf_tutorial_r2d2/prefix_override:/home/emitaker/.local/lib/python3.10/site-packages/colcon_core/task/python/colcon_distutils_commands:/home/emitaker/ros2_ws/install/urdf_tutorial_r2d2/lib/python3.10/site-packages:${PYTHONPATH} /usr/bin/python3 -W ignore:setup.py install is deprecated setup.py egg_info --egg-base ../../build/urdf_tutorial_r2d2 build --build-base /home/emitaker/ros2_ws/build/urdf_tutorial_r2d2/build install --record /home/emitaker/ros2_ws/build/urdf_tutorial_r2d2/install.log --single-version-externally-managed install_data
[6.743s] DEBUG:colcon.colcon_core.event_handler.log_command:Invoked command in '/home/emitaker/ros2_ws/src/urdf_tutorial_r2d2' returned '0': PYTHONPATH=/home/emitaker/ros2_ws/build/urdf_tutorial_r2d2/prefix_override:/home/emitaker/.local/lib/python3.10/site-packages/colcon_core/task/python/colcon_distutils_commands:/home/emitaker/ros2_ws/install/urdf_tutorial_r2d2/lib/python3.10/site-packages:${PYTHONPATH} /usr/bin/python3 -W ignore:setup.py install is deprecated setup.py egg_info --egg-base ../../build/urdf_tutorial_r2d2 build --build-base /home/emitaker/ros2_ws/build/urdf_tutorial_r2d2/build install --record /home/emitaker/ros2_ws/build/urdf_tutorial_r2d2/install.log --single-version-externally-managed install_data
[6.761s] Level 1:colcon.colcon_core.environment:checking '/home/emitaker/ros2_ws/install/urdf_tutorial_r2d2' for CMake module files
[6.762s] Level 1:colcon.colcon_core.environment:checking '/home/emitaker/ros2_ws/install/urdf_tutorial_r2d2' for CMake config files
[6.772s] Level 1:colcon.colcon_core.environment:checking '/home/emitaker/ros2_ws/install/urdf_tutorial_r2d2/lib'
[6.773s] Level 1:colcon.colcon_core.environment:checking '/home/emitaker/ros2_ws/install/urdf_tutorial_r2d2/bin'
[6.773s] Level 1:colcon.colcon_core.environment:checking '/home/emitaker/ros2_ws/install/urdf_tutorial_r2d2/lib/pkgconfig/urdf_tutorial_r2d2.pc'
[6.774s] Level 1:colcon.colcon_core.environment:checking '/home/emitaker/ros2_ws/install/urdf_tutorial_r2d2/lib/python3.10/site-packages'
[6.774s] Level 1:colcon.colcon_core.shell:create_environment_hook('urdf_tutorial_r2d2', 'pythonpath')
[6.774s] INFO:colcon.colcon_core.shell:Creating environment hook '/home/emitaker/ros2_ws/install/urdf_tutorial_r2d2/share/urdf_tutorial_r2d2/hook/pythonpath.ps1'
[6.777s] INFO:colcon.colcon_core.shell:Creating environment descriptor '/home/emitaker/ros2_ws/install/urdf_tutorial_r2d2/share/urdf_tutorial_r2d2/hook/pythonpath.dsv'
[6.780s] INFO:colcon.colcon_core.shell:Creating environment hook '/home/emitaker/ros2_ws/install/urdf_tutorial_r2d2/share/urdf_tutorial_r2d2/hook/pythonpath.sh'
[6.783s] Level 1:colcon.colcon_core.environment:checking '/home/emitaker/ros2_ws/install/urdf_tutorial_r2d2/bin'
[6.783s] Level 1:colcon.colcon_core.environment:create_environment_scripts_only(urdf_tutorial_r2d2)
[6.784s] INFO:colcon.colcon_core.shell:Creating package script '/home/emitaker/ros2_ws/install/urdf_tutorial_r2d2/share/urdf_tutorial_r2d2/package.ps1'
[6.788s] INFO:colcon.colcon_core.shell:Creating package descriptor '/home/emitaker/ros2_ws/install/urdf_tutorial_r2d2/share/urdf_tutorial_r2d2/package.dsv'
[6.792s] INFO:colcon.colcon_core.shell:Creating package script '/home/emitaker/ros2_ws/install/urdf_tutorial_r2d2/share/urdf_tutorial_r2d2/package.sh'
[6.796s] INFO:colcon.colcon_core.shell:Creating package script '/home/emitaker/ros2_ws/install/urdf_tutorial_r2d2/share/urdf_tutorial_r2d2/package.bash'
[6.801s] INFO:colcon.colcon_core.shell:Creating package script '/home/emitaker/ros2_ws/install/urdf_tutorial_r2d2/share/urdf_tutorial_r2d2/package.zsh'
[6.805s] Level 1:colcon.colcon_core.environment:create_file_with_runtime_dependencies(/home/emitaker/ros2_ws/install/urdf_tutorial_r2d2/share/colcon-core/packages/urdf_tutorial_r2d2)
[7.212s] Level 1:colcon.colcon_core.environment:checking '/home/emitaker/ros2_ws/install/basic_comm' for CMake module files
[7.215s] DEBUG:colcon.colcon_core.event_handler.log_command:Invoked command in '/home/emitaker/ros2_ws/src/basic_comm' returned '0': PYTHONPATH=/home/emitaker/ros2_ws/build/basic_comm/prefix_override:/home/emitaker/.local/lib/python3.10/site-packages/colcon_core/task/python/colcon_distutils_commands:/home/emitaker/ros2_ws/install/basic_comm/lib/python3.10/site-packages:${PYTHONPATH} /usr/bin/python3 -W ignore:setup.py install is deprecated setup.py egg_info --egg-base ../../build/basic_comm build --build-base /home/emitaker/ros2_ws/build/basic_comm/build install --record /home/emitaker/ros2_ws/build/basic_comm/install.log --single-version-externally-managed install_data
[7.217s] Level 1:colcon.colcon_core.environment:checking '/home/emitaker/ros2_ws/install/basic_comm' for CMake config files
[7.229s] Level 1:colcon.colcon_core.environment:checking '/home/emitaker/ros2_ws/install/basic_comm/lib'
[7.229s] Level 1:colcon.colcon_core.environment:checking '/home/emitaker/ros2_ws/install/basic_comm/bin'
[7.229s] Level 1:colcon.colcon_core.environment:checking '/home/emitaker/ros2_ws/install/basic_comm/lib/pkgconfig/basic_comm.pc'
[7.230s] Level 1:colcon.colcon_core.environment:checking '/home/emitaker/ros2_ws/install/basic_comm/lib/python3.10/site-packages'
[7.230s] Level 1:colcon.colcon_core.shell:create_environment_hook('basic_comm', 'pythonpath')
[7.231s] INFO:colcon.colcon_core.shell:Creating environment hook '/home/emitaker/ros2_ws/install/basic_comm/share/basic_comm/hook/pythonpath.ps1'
[7.233s] INFO:colcon.colcon_core.shell:Creating environment descriptor '/home/emitaker/ros2_ws/install/basic_comm/share/basic_comm/hook/pythonpath.dsv'
[7.236s] INFO:colcon.colcon_core.shell:Creating environment hook '/home/emitaker/ros2_ws/install/basic_comm/share/basic_comm/hook/pythonpath.sh'
[7.240s] Level 1:colcon.colcon_core.environment:checking '/home/emitaker/ros2_ws/install/basic_comm/bin'
[7.240s] Level 1:colcon.colcon_core.environment:create_environment_scripts_only(basic_comm)
[7.241s] INFO:colcon.colcon_core.shell:Creating package script '/home/emitaker/ros2_ws/install/basic_comm/share/basic_comm/package.ps1'
[7.243s] INFO:colcon.colcon_core.shell:Creating package descriptor '/home/emitaker/ros2_ws/install/basic_comm/share/basic_comm/package.dsv'
[7.246s] INFO:colcon.colcon_core.shell:Creating package script '/home/emitaker/ros2_ws/install/basic_comm/share/basic_comm/package.sh'
[7.248s] INFO:colcon.colcon_core.shell:Creating package script '/home/emitaker/ros2_ws/install/basic_comm/share/basic_comm/package.bash'
[7.250s] INFO:colcon.colcon_core.shell:Creating package script '/home/emitaker/ros2_ws/install/basic_comm/share/basic_comm/package.zsh'
[7.252s] Level 1:colcon.colcon_core.environment:create_file_with_runtime_dependencies(/home/emitaker/ros2_ws/install/basic_comm/share/colcon-core/packages/basic_comm)
[7.254s] DEBUG:colcon.colcon_parallel_executor.executor.parallel:closing loop
[7.255s] DEBUG:colcon.colcon_parallel_executor.executor.parallel:loop closed
[7.255s] DEBUG:colcon.colcon_parallel_executor.executor.parallel:run_until_complete finished with '0'
[7.255s] DEBUG:colcon.colcon_core.event_reactor:joining thread
[7.302s] INFO:colcon.colcon_core.plugin_system:Skipping extension 'colcon_notification.desktop_notification.terminal_notifier': Not used on non-Darwin systems
[7.303s] INFO:colcon.colcon_core.plugin_system:Skipping extension 'colcon_notification.desktop_notification.win32': Not used on non-Windows systems
[7.303s] INFO:colcon.colcon_notification.desktop_notification:Sending desktop notification using 'notify2'
[7.521s] DEBUG:colcon.colcon_core.event_reactor:joined thread
[7.522s] INFO:colcon.colcon_core.shell:Creating prefix script '/home/emitaker/ros2_ws/install/local_setup.ps1'
[7.527s] INFO:colcon.colcon_core.shell:Creating prefix util module '/home/emitaker/ros2_ws/install/_local_setup_util_ps1.py'
[7.537s] INFO:colcon.colcon_core.shell:Creating prefix chain script '/home/emitaker/ros2_ws/install/setup.ps1'
[7.545s] INFO:colcon.colcon_core.shell:Creating prefix script '/home/emitaker/ros2_ws/install/local_setup.sh'
[7.550s] INFO:colcon.colcon_core.shell:Creating prefix util module '/home/emitaker/ros2_ws/install/_local_setup_util_sh.py'
[7.554s] INFO:colcon.colcon_core.shell:Creating prefix chain script '/home/emitaker/ros2_ws/install/setup.sh'
[7.559s] INFO:colcon.colcon_core.shell:Creating prefix script '/home/emitaker/ros2_ws/install/local_setup.bash'
[7.562s] INFO:colcon.colcon_core.shell:Creating prefix chain script '/home/emitaker/ros2_ws/install/setup.bash'
[7.568s] INFO:colcon.colcon_core.shell:Creating prefix script '/home/emitaker/ros2_ws/install/local_setup.zsh'
[7.574s] INFO:colcon.colcon_core.shell:Creating prefix chain script '/home/emitaker/ros2_ws/install/setup.zsh'
