[1.712s] DEBUG:colcon:Command line arguments: ['/home/emitaker/.local/bin/colcon', 'build']
[1.712s] DEBUG:colcon:Parsed command line arguments: Namespace(log_base=None, log_level=None, verb_name='build', build_base='build', install_base='install', merge_install=False, symlink_install=False, test_result_base=None, continue_on_error=False, executor='parallel', parallel_workers=6, event_handlers=None, ignore_user_meta=False, metas=['./colcon.meta'], base_paths=['.'], packages_ignore=None, packages_ignore_regex=None, paths=None, packages_up_to=None, packages_up_to_regex=None, packages_above=None, packages_above_and_dependencies=None, packages_above_depth=None, packages_select_by_dep=None, packages_skip_by_dep=None, packages_skip_up_to=None, packages_select_build_failed=False, packages_skip_build_finished=False, packages_select_test_failures=False, packages_skip_test_passed=False, packages_select=None, packages_skip=None, packages_select_regex=None, packages_skip_regex=None, packages_start=None, packages_end=None, allow_overriding=[], cmake_args=None, cmake_target=None, cmake_target_skip_unavailable=False, cmake_clean_cache=False, cmake_clean_first=False, cmake_force_configure=False, ament_cmake_args=None, catkin_cmake_args=None, catkin_skip_building_tests=False, verb_parser=<colcon_defaults.argument_parser.defaults.DefaultArgumentsDecorator object at 0x7702984097e0>, verb_extension=<colcon_core.verb.build.BuildVerb object at 0x770298409210>, main=<bound method BuildVerb.main of <colcon_core.verb.build.BuildVerb object at 0x770298409210>>)
[2.812s] Level 1:colcon.colcon_core.package_discovery:discover_packages(colcon_meta) check parameters
[2.813s] Level 1:colcon.colcon_core.package_discovery:discover_packages(recursive) check parameters
[2.813s] Level 1:colcon.colcon_core.package_discovery:discover_packages(ignore) check parameters
[2.813s] Level 1:colcon.colcon_core.package_discovery:discover_packages(path) check parameters
[2.813s] Level 1:colcon.colcon_core.package_discovery:discover_packages(colcon_meta) discover
[2.813s] Level 1:colcon.colcon_core.package_discovery:discover_packages(recursive) discover
[2.813s] INFO:colcon.colcon_core.package_discovery:Crawling recursively for packages in '/home/emitaker/ros2_ws'
[2.813s] Level 1:colcon.colcon_core.package_identification:_identify(.) by extensions ['ignore', 'ignore_ament_install']
[2.814s] Level 1:colcon.colcon_core.package_identification:_identify(.) by extension 'ignore'
[2.814s] Level 1:colcon.colcon_core.package_identification:_identify(.) by extension 'ignore_ament_install'
[2.814s] Level 1:colcon.colcon_core.package_identification:_identify(.) by extensions ['colcon_pkg']
[2.814s] Level 1:colcon.colcon_core.package_identification:_identify(.) by extension 'colcon_pkg'
[2.814s] Level 1:colcon.colcon_core.package_identification:_identify(.) by extensions ['colcon_meta']
[2.814s] Level 1:colcon.colcon_core.package_identification:_identify(.) by extension 'colcon_meta'
[2.814s] Level 1:colcon.colcon_core.package_identification:_identify(.) by extensions ['ros']
[2.814s] Level 1:colcon.colcon_core.package_identification:_identify(.) by extension 'ros'
[2.882s] Level 1:colcon.colcon_core.package_identification:_identify(.) by extensions ['cmake', 'python']
[2.882s] Level 1:colcon.colcon_core.package_identification:_identify(.) by extension 'cmake'
[2.882s] Level 1:colcon.colcon_core.package_identification:_identify(.) by extension 'python'
[2.882s] Level 1:colcon.colcon_core.package_identification:_identify(.) by extensions ['python_setup_py']
[2.882s] Level 1:colcon.colcon_core.package_identification:_identify(.) by extension 'python_setup_py'
[2.883s] Level 1:colcon.colcon_core.package_identification:_identify(build) by extensions ['ignore', 'ignore_ament_install']
[2.883s] Level 1:colcon.colcon_core.package_identification:_identify(build) by extension 'ignore'
[2.883s] Level 1:colcon.colcon_core.package_identification:_identify(build) ignored
[2.883s] Level 1:colcon.colcon_core.package_identification:_identify(install) by extensions ['ignore', 'ignore_ament_install']
[2.883s] Level 1:colcon.colcon_core.package_identification:_identify(install) by extension 'ignore'
[2.883s] Level 1:colcon.colcon_core.package_identification:_identify(install) ignored
[2.884s] Level 1:colcon.colcon_core.package_identification:_identify(log) by extensions ['ignore', 'ignore_ament_install']
[2.885s] Level 1:colcon.colcon_core.package_identification:_identify(log) by extension 'ignore'
[2.885s] Level 1:colcon.colcon_core.package_identification:_identify(log) ignored
[2.885s] Level 1:colcon.colcon_core.package_identification:_identify(src) by extensions ['ignore', 'ignore_ament_install']
[2.886s] Level 1:colcon.colcon_core.package_identification:_identify(src) by extension 'ignore'
[2.887s] Level 1:colcon.colcon_core.package_identification:_identify(src) by extension 'ignore_ament_install'
[2.887s] Level 1:colcon.colcon_core.package_identification:_identify(src) by extensions ['colcon_pkg']
[2.887s] Level 1:colcon.colcon_core.package_identification:_identify(src) by extension 'colcon_pkg'
[2.887s] Level 1:colcon.colcon_core.package_identification:_identify(src) by extensions ['colcon_meta']
[2.887s] Level 1:colcon.colcon_core.package_identification:_identify(src) by extension 'colcon_meta'
[2.887s] Level 1:colcon.colcon_core.package_identification:_identify(src) by extensions ['ros']
[2.887s] Level 1:colcon.colcon_core.package_identification:_identify(src) by extension 'ros'
[2.887s] Level 1:colcon.colcon_core.package_identification:_identify(src) by extensions ['cmake', 'python']
[2.888s] Level 1:colcon.colcon_core.package_identification:_identify(src) by extension 'cmake'
[2.888s] Level 1:colcon.colcon_core.package_identification:_identify(src) by extension 'python'
[2.888s] Level 1:colcon.colcon_core.package_identification:_identify(src) by extensions ['python_setup_py']
[2.888s] Level 1:colcon.colcon_core.package_identification:_identify(src) by extension 'python_setup_py'
[2.888s] Level 1:colcon.colcon_core.package_identification:_identify(src/basic_comm) by extensions ['ignore', 'ignore_ament_install']
[2.888s] Level 1:colcon.colcon_core.package_identification:_identify(src/basic_comm) by extension 'ignore'
[2.888s] Level 1:colcon.colcon_core.package_identification:_identify(src/basic_comm) by extension 'ignore_ament_install'
[2.889s] Level 1:colcon.colcon_core.package_identification:_identify(src/basic_comm) by extensions ['colcon_pkg']
[2.889s] Level 1:colcon.colcon_core.package_identification:_identify(src/basic_comm) by extension 'colcon_pkg'
[2.889s] Level 1:colcon.colcon_core.package_identification:_identify(src/basic_comm) by extensions ['colcon_meta']
[2.889s] Level 1:colcon.colcon_core.package_identification:_identify(src/basic_comm) by extension 'colcon_meta'
[2.889s] Level 1:colcon.colcon_core.package_identification:_identify(src/basic_comm) by extensions ['ros']
[2.889s] Level 1:colcon.colcon_core.package_identification:_identify(src/basic_comm) by extension 'ros'
[2.905s] DEBUG:colcon.colcon_core.package_identification:Package 'src/basic_comm' with type 'ros.ament_python' and name 'basic_comm'
[2.906s] Level 1:colcon.colcon_core.package_identification:_identify(src/urdf_tutorial_r2d2) by extensions ['ignore', 'ignore_ament_install']
[2.906s] Level 1:colcon.colcon_core.package_identification:_identify(src/urdf_tutorial_r2d2) by extension 'ignore'
[2.906s] Level 1:colcon.colcon_core.package_identification:_identify(src/urdf_tutorial_r2d2) by extension 'ignore_ament_install'
[2.906s] Level 1:colcon.colcon_core.package_identification:_identify(src/urdf_tutorial_r2d2) by extensions ['colcon_pkg']
[2.906s] Level 1:colcon.colcon_core.package_identification:_identify(src/urdf_tutorial_r2d2) by extension 'colcon_pkg'
[2.907s] Level 1:colcon.colcon_core.package_identification:_identify(src/urdf_tutorial_r2d2) by extensions ['colcon_meta']
[2.907s] Level 1:colcon.colcon_core.package_identification:_identify(src/urdf_tutorial_r2d2) by extension 'colcon_meta'
[2.907s] Level 1:colcon.colcon_core.package_identification:_identify(src/urdf_tutorial_r2d2) by extensions ['ros']
[2.907s] Level 1:colcon.colcon_core.package_identification:_identify(src/urdf_tutorial_r2d2) by extension 'ros'
[2.910s] DEBUG:colcon.colcon_core.package_identification:Package 'src/urdf_tutorial_r2d2' with type 'ros.ament_python' and name 'urdf_tutorial_r2d2'
[2.910s] Level 1:colcon.colcon_core.package_discovery:discover_packages(recursive) using defaults
[2.910s] Level 1:colcon.colcon_core.package_discovery:discover_packages(ignore) discover
[2.910s] Level 1:colcon.colcon_core.package_discovery:discover_packages(ignore) using defaults
[2.910s] Level 1:colcon.colcon_core.package_discovery:discover_packages(path) discover
[2.910s] Level 1:colcon.colcon_core.package_discovery:discover_packages(path) using defaults
[3.037s] Level 1:colcon.colcon_core.package_discovery:discover_packages(prefix_path) check parameters
[3.037s] Level 1:colcon.colcon_core.package_discovery:discover_packages(prefix_path) discover
[3.054s] DEBUG:colcon.colcon_installed_package_information.package_discovery:Found 275 installed packages in /opt/ros/humble
[3.057s] Level 1:colcon.colcon_core.package_discovery:discover_packages(prefix_path) using defaults
[3.191s] Level 5:colcon.colcon_core.verb:set package 'basic_comm' build argument 'cmake_args' from command line to 'None'
[3.191s] Level 5:colcon.colcon_core.verb:set package 'basic_comm' build argument 'cmake_target' from command line to 'None'
[3.192s] Level 5:colcon.colcon_core.verb:set package 'basic_comm' build argument 'cmake_target_skip_unavailable' from command line to 'False'
[3.192s] Level 5:colcon.colcon_core.verb:set package 'basic_comm' build argument 'cmake_clean_cache' from command line to 'False'
[3.192s] Level 5:colcon.colcon_core.verb:set package 'basic_comm' build argument 'cmake_clean_first' from command line to 'False'
[3.192s] Level 5:colcon.colcon_core.verb:set package 'basic_comm' build argument 'cmake_force_configure' from command line to 'False'
[3.192s] Level 5:colcon.colcon_core.verb:set package 'basic_comm' build argument 'ament_cmake_args' from command line to 'None'
[3.192s] Level 5:colcon.colcon_core.verb:set package 'basic_comm' build argument 'catkin_cmake_args' from command line to 'None'
[3.193s] Level 5:colcon.colcon_core.verb:set package 'basic_comm' build argument 'catkin_skip_building_tests' from command line to 'False'
[3.193s] DEBUG:colcon.colcon_core.verb:Building package 'basic_comm' with the following arguments: {'ament_cmake_args': None, 'build_base': '/home/emitaker/ros2_ws/build/basic_comm', 'catkin_cmake_args': None, 'catkin_skip_building_tests': False, 'cmake_args': None, 'cmake_clean_cache': False, 'cmake_clean_first': False, 'cmake_force_configure': False, 'cmake_target': None, 'cmake_target_skip_unavailable': False, 'install_base': '/home/emitaker/ros2_ws/install/basic_comm', 'merge_install': False, 'path': '/home/emitaker/ros2_ws/src/basic_comm', 'symlink_install': False, 'test_result_base': None}
[3.194s] Level 5:colcon.colcon_core.verb:set package 'urdf_tutorial_r2d2' build argument 'cmake_args' from command line to 'None'
[3.194s] Level 5:colcon.colcon_core.verb:set package 'urdf_tutorial_r2d2' build argument 'cmake_target' from command line to 'None'
[3.194s] Level 5:colcon.colcon_core.verb:set package 'urdf_tutorial_r2d2' build argument 'cmake_target_skip_unavailable' from command line to 'False'
[3.194s] Level 5:colcon.colcon_core.verb:set package 'urdf_tutorial_r2d2' build argument 'cmake_clean_cache' from command line to 'False'
[3.194s] Level 5:colcon.colcon_core.verb:set package 'urdf_tutorial_r2d2' build argument 'cmake_clean_first' from command line to 'False'
[3.194s] Level 5:colcon.colcon_core.verb:set package 'urdf_tutorial_r2d2' build argument 'cmake_force_configure' from command line to 'False'
[3.194s] Level 5:colcon.colcon_core.verb:set package 'urdf_tutorial_r2d2' build argument 'ament_cmake_args' from command line to 'None'
[3.194s] Level 5:colcon.colcon_core.verb:set package 'urdf_tutorial_r2d2' build argument 'catkin_cmake_args' from command line to 'None'
[3.194s] Level 5:colcon.colcon_core.verb:set package 'urdf_tutorial_r2d2' build argument 'catkin_skip_building_tests' from command line to 'False'
[3.194s] DEBUG:colcon.colcon_core.verb:Building package 'urdf_tutorial_r2d2' with the following arguments: {'ament_cmake_args': None, 'build_base': '/home/emitaker/ros2_ws/build/urdf_tutorial_r2d2', 'catkin_cmake_args': None, 'catkin_skip_building_tests': False, 'cmake_args': None, 'cmake_clean_cache': False, 'cmake_clean_first': False, 'cmake_force_configure': False, 'cmake_target': None, 'cmake_target_skip_unavailable': False, 'install_base': '/home/emitaker/ros2_ws/install/urdf_tutorial_r2d2', 'merge_install': False, 'path': '/home/emitaker/ros2_ws/src/urdf_tutorial_r2d2', 'symlink_install': False, 'test_result_base': None}
[3.195s] INFO:colcon.colcon_core.executor:Executing jobs using 'parallel' executor
[3.200s] DEBUG:colcon.colcon_parallel_executor.executor.parallel:run_until_complete
[3.201s] INFO:colcon.colcon_ros.task.ament_python.build:Building ROS package in '/home/emitaker/ros2_ws/src/basic_comm' with build type 'ament_python'
[3.202s] Level 1:colcon.colcon_core.shell:create_environment_hook('basic_comm', 'ament_prefix_path')
[3.231s] INFO:colcon.colcon_core.plugin_system:Skipping extension 'colcon_core.shell.bat': Not used on non-Windows systems
[3.232s] INFO:colcon.colcon_core.shell:Creating environment hook '/home/emitaker/ros2_ws/install/basic_comm/share/basic_comm/hook/ament_prefix_path.ps1'
[3.241s] INFO:colcon.colcon_core.shell:Creating environment descriptor '/home/emitaker/ros2_ws/install/basic_comm/share/basic_comm/hook/ament_prefix_path.dsv'
[3.244s] INFO:colcon.colcon_core.shell:Creating environment hook '/home/emitaker/ros2_ws/install/basic_comm/share/basic_comm/hook/ament_prefix_path.sh'
[3.247s] INFO:colcon.colcon_core.shell:Skip shell extension 'powershell' for command environment: Not usable outside of PowerShell
[3.248s] DEBUG:colcon.colcon_core.shell:Skip shell extension 'dsv' for command environment
[3.259s] INFO:colcon.colcon_ros.task.ament_python.build:Building ROS package in '/home/emitaker/ros2_ws/src/urdf_tutorial_r2d2' with build type 'ament_python'
[3.260s] Level 1:colcon.colcon_core.shell:create_environment_hook('urdf_tutorial_r2d2', 'ament_prefix_path')
[3.261s] INFO:colcon.colcon_core.shell:Creating environment hook '/home/emitaker/ros2_ws/install/urdf_tutorial_r2d2/share/urdf_tutorial_r2d2/hook/ament_prefix_path.ps1'
[3.264s] INFO:colcon.colcon_core.shell:Creating environment descriptor '/home/emitaker/ros2_ws/install/urdf_tutorial_r2d2/share/urdf_tutorial_r2d2/hook/ament_prefix_path.dsv'
[3.265s] INFO:colcon.colcon_core.shell:Creating environment hook '/home/emitaker/ros2_ws/install/urdf_tutorial_r2d2/share/urdf_tutorial_r2d2/hook/ament_prefix_path.sh'
[3.266s] INFO:colcon.colcon_core.shell:Skip shell extension 'powershell' for command environment: Not usable outside of PowerShell
[3.266s] DEBUG:colcon.colcon_core.shell:Skip shell extension 'dsv' for command environment
[3.905s] INFO:colcon.colcon_core.task.python.build:Building Python package in '/home/emitaker/ros2_ws/src/basic_comm'
[3.906s] INFO:colcon.colcon_core.shell:Skip shell extension 'powershell' for command environment: Not usable outside of PowerShell
[3.906s] DEBUG:colcon.colcon_core.shell:Skip shell extension 'dsv' for command environment
[4.490s] INFO:colcon.colcon_core.task.python.build:Building Python package in '/home/emitaker/ros2_ws/src/urdf_tutorial_r2d2'
[4.491s] INFO:colcon.colcon_core.shell:Skip shell extension 'powershell' for command environment: Not usable outside of PowerShell
[4.491s] DEBUG:colcon.colcon_core.shell:Skip shell extension 'dsv' for command environment
[5.562s] DEBUG:colcon.colcon_core.event_handler.log_command:Invoking command in '/home/emitaker/ros2_ws/src/basic_comm': PYTHONPATH=/home/emitaker/ros2_ws/build/basic_comm/prefix_override:/home/emitaker/.local/lib/python3.10/site-packages/colcon_core/task/python/colcon_distutils_commands:/home/emitaker/ros2_ws/install/basic_comm/lib/python3.10/site-packages:${PYTHONPATH} /usr/bin/python3 -W ignore:setup.py install is deprecated setup.py egg_info --egg-base ../../build/basic_comm build --build-base /home/emitaker/ros2_ws/build/basic_comm/build install --record /home/emitaker/ros2_ws/build/basic_comm/install.log --single-version-externally-managed install_data
[5.585s] DEBUG:colcon.colcon_core.event_handler.log_command:Invoking command in '/home/emitaker/ros2_ws/src/urdf_tutorial_r2d2': PYTHONPATH=/home/emitaker/ros2_ws/build/urdf_tutorial_r2d2/prefix_override:/home/emitaker/.local/lib/python3.10/site-packages/colcon_core/task/python/colcon_distutils_commands:/home/emitaker/ros2_ws/install/urdf_tutorial_r2d2/lib/python3.10/site-packages:${PYTHONPATH} /usr/bin/python3 -W ignore:setup.py install is deprecated setup.py egg_info --egg-base ../../build/urdf_tutorial_r2d2 build --build-base /home/emitaker/ros2_ws/build/urdf_tutorial_r2d2/build install --record /home/emitaker/ros2_ws/build/urdf_tutorial_r2d2/install.log --single-version-externally-managed install_data
[6.322s] DEBUG:colcon.colcon_core.event_handler.log_command:Invoked command in '/home/emitaker/ros2_ws/src/urdf_tutorial_r2d2' returned '0': PYTHONPATH=/home/emitaker/ros2_ws/build/urdf_tutorial_r2d2/prefix_override:/home/emitaker/.local/lib/python3.10/site-packages/colcon_core/task/python/colcon_distutils_commands:/home/emitaker/ros2_ws/install/urdf_tutorial_r2d2/lib/python3.10/site-packages:${PYTHONPATH} /usr/bin/python3 -W ignore:setup.py install is deprecated setup.py egg_info --egg-base ../../build/urdf_tutorial_r2d2 build --build-base /home/emitaker/ros2_ws/build/urdf_tutorial_r2d2/build install --record /home/emitaker/ros2_ws/build/urdf_tutorial_r2d2/install.log --single-version-externally-managed install_data
[6.360s] Level 1:colcon.colcon_core.environment:checking '/home/emitaker/ros2_ws/install/urdf_tutorial_r2d2' for CMake module files
[6.361s] Level 1:colcon.colcon_core.environment:checking '/home/emitaker/ros2_ws/install/urdf_tutorial_r2d2' for CMake config files
[6.362s] Level 1:colcon.colcon_core.environment:checking '/home/emitaker/ros2_ws/install/urdf_tutorial_r2d2/lib'
[6.362s] Level 1:colcon.colcon_core.environment:checking '/home/emitaker/ros2_ws/install/urdf_tutorial_r2d2/bin'
[6.362s] Level 1:colcon.colcon_core.environment:checking '/home/emitaker/ros2_ws/install/urdf_tutorial_r2d2/lib/pkgconfig/urdf_tutorial_r2d2.pc'
[6.363s] Level 1:colcon.colcon_core.environment:checking '/home/emitaker/ros2_ws/install/urdf_tutorial_r2d2/lib/python3.10/site-packages'
[6.363s] Level 1:colcon.colcon_core.shell:create_environment_hook('urdf_tutorial_r2d2', 'pythonpath')
[6.363s] INFO:colcon.colcon_core.shell:Creating environment hook '/home/emitaker/ros2_ws/install/urdf_tutorial_r2d2/share/urdf_tutorial_r2d2/hook/pythonpath.ps1'
[6.364s] INFO:colcon.colcon_core.shell:Creating environment descriptor '/home/emitaker/ros2_ws/install/urdf_tutorial_r2d2/share/urdf_tutorial_r2d2/hook/pythonpath.dsv'
[6.365s] INFO:colcon.colcon_core.shell:Creating environment hook '/home/emitaker/ros2_ws/install/urdf_tutorial_r2d2/share/urdf_tutorial_r2d2/hook/pythonpath.sh'
[6.365s] Level 1:colcon.colcon_core.environment:checking '/home/emitaker/ros2_ws/install/urdf_tutorial_r2d2/bin'
[6.366s] Level 1:colcon.colcon_core.environment:create_environment_scripts_only(urdf_tutorial_r2d2)
[6.366s] INFO:colcon.colcon_core.shell:Creating package script '/home/emitaker/ros2_ws/install/urdf_tutorial_r2d2/share/urdf_tutorial_r2d2/package.ps1'
[6.371s] INFO:colcon.colcon_core.shell:Creating package descriptor '/home/emitaker/ros2_ws/install/urdf_tutorial_r2d2/share/urdf_tutorial_r2d2/package.dsv'
[6.373s] INFO:colcon.colcon_core.shell:Creating package script '/home/emitaker/ros2_ws/install/urdf_tutorial_r2d2/share/urdf_tutorial_r2d2/package.sh'
[6.376s] INFO:colcon.colcon_core.shell:Creating package script '/home/emitaker/ros2_ws/install/urdf_tutorial_r2d2/share/urdf_tutorial_r2d2/package.bash'
[6.380s] INFO:colcon.colcon_core.shell:Creating package script '/home/emitaker/ros2_ws/install/urdf_tutorial_r2d2/share/urdf_tutorial_r2d2/package.zsh'
[6.383s] Level 1:colcon.colcon_core.environment:create_file_with_runtime_dependencies(/home/emitaker/ros2_ws/install/urdf_tutorial_r2d2/share/colcon-core/packages/urdf_tutorial_r2d2)
[6.393s] Level 1:colcon.colcon_core.environment:checking '/home/emitaker/ros2_ws/install/basic_comm' for CMake module files
[6.395s] DEBUG:colcon.colcon_core.event_handler.log_command:Invoked command in '/home/emitaker/ros2_ws/src/basic_comm' returned '0': PYTHONPATH=/home/emitaker/ros2_ws/build/basic_comm/prefix_override:/home/emitaker/.local/lib/python3.10/site-packages/colcon_core/task/python/colcon_distutils_commands:/home/emitaker/ros2_ws/install/basic_comm/lib/python3.10/site-packages:${PYTHONPATH} /usr/bin/python3 -W ignore:setup.py install is deprecated setup.py egg_info --egg-base ../../build/basic_comm build --build-base /home/emitaker/ros2_ws/build/basic_comm/build install --record /home/emitaker/ros2_ws/build/basic_comm/install.log --single-version-externally-managed install_data
[6.395s] Level 1:colcon.colcon_core.environment:checking '/home/emitaker/ros2_ws/install/basic_comm' for CMake config files
[6.399s] Level 1:colcon.colcon_core.environment:checking '/home/emitaker/ros2_ws/install/basic_comm/lib'
[6.399s] Level 1:colcon.colcon_core.environment:checking '/home/emitaker/ros2_ws/install/basic_comm/bin'
[6.400s] Level 1:colcon.colcon_core.environment:checking '/home/emitaker/ros2_ws/install/basic_comm/lib/pkgconfig/basic_comm.pc'
[6.400s] Level 1:colcon.colcon_core.environment:checking '/home/emitaker/ros2_ws/install/basic_comm/lib/python3.10/site-packages'
[6.400s] Level 1:colcon.colcon_core.shell:create_environment_hook('basic_comm', 'pythonpath')
[6.401s] INFO:colcon.colcon_core.shell:Creating environment hook '/home/emitaker/ros2_ws/install/basic_comm/share/basic_comm/hook/pythonpath.ps1'
[6.404s] INFO:colcon.colcon_core.shell:Creating environment descriptor '/home/emitaker/ros2_ws/install/basic_comm/share/basic_comm/hook/pythonpath.dsv'
[6.405s] INFO:colcon.colcon_core.shell:Creating environment hook '/home/emitaker/ros2_ws/install/basic_comm/share/basic_comm/hook/pythonpath.sh'
[6.407s] Level 1:colcon.colcon_core.environment:checking '/home/emitaker/ros2_ws/install/basic_comm/bin'
[6.407s] Level 1:colcon.colcon_core.environment:create_environment_scripts_only(basic_comm)
[6.407s] INFO:colcon.colcon_core.shell:Creating package script '/home/emitaker/ros2_ws/install/basic_comm/share/basic_comm/package.ps1'
[6.409s] INFO:colcon.colcon_core.shell:Creating package descriptor '/home/emitaker/ros2_ws/install/basic_comm/share/basic_comm/package.dsv'
[6.410s] INFO:colcon.colcon_core.shell:Creating package script '/home/emitaker/ros2_ws/install/basic_comm/share/basic_comm/package.sh'
[6.410s] INFO:colcon.colcon_core.shell:Creating package script '/home/emitaker/ros2_ws/install/basic_comm/share/basic_comm/package.bash'
[6.411s] INFO:colcon.colcon_core.shell:Creating package script '/home/emitaker/ros2_ws/install/basic_comm/share/basic_comm/package.zsh'
[6.412s] Level 1:colcon.colcon_core.environment:create_file_with_runtime_dependencies(/home/emitaker/ros2_ws/install/basic_comm/share/colcon-core/packages/basic_comm)
[6.413s] DEBUG:colcon.colcon_parallel_executor.executor.parallel:closing loop
[6.413s] DEBUG:colcon.colcon_parallel_executor.executor.parallel:loop closed
[6.414s] DEBUG:colcon.colcon_parallel_executor.executor.parallel:run_until_complete finished with '0'
[6.414s] DEBUG:colcon.colcon_core.event_reactor:joining thread
[6.457s] INFO:colcon.colcon_core.plugin_system:Skipping extension 'colcon_notification.desktop_notification.terminal_notifier': Not used on non-Darwin systems
[6.457s] INFO:colcon.colcon_core.plugin_system:Skipping extension 'colcon_notification.desktop_notification.win32': Not used on non-Windows systems
[6.457s] INFO:colcon.colcon_notification.desktop_notification:Sending desktop notification using 'notify2'
[6.689s] DEBUG:colcon.colcon_core.event_reactor:joined thread
[6.690s] INFO:colcon.colcon_core.shell:Creating prefix script '/home/emitaker/ros2_ws/install/local_setup.ps1'
[6.694s] INFO:colcon.colcon_core.shell:Creating prefix util module '/home/emitaker/ros2_ws/install/_local_setup_util_ps1.py'
[6.699s] INFO:colcon.colcon_core.shell:Creating prefix chain script '/home/emitaker/ros2_ws/install/setup.ps1'
[6.705s] INFO:colcon.colcon_core.shell:Creating prefix script '/home/emitaker/ros2_ws/install/local_setup.sh'
[6.710s] INFO:colcon.colcon_core.shell:Creating prefix util module '/home/emitaker/ros2_ws/install/_local_setup_util_sh.py'
[6.712s] INFO:colcon.colcon_core.shell:Creating prefix chain script '/home/emitaker/ros2_ws/install/setup.sh'
[6.715s] INFO:colcon.colcon_core.shell:Creating prefix script '/home/emitaker/ros2_ws/install/local_setup.bash'
[6.718s] INFO:colcon.colcon_core.shell:Creating prefix chain script '/home/emitaker/ros2_ws/install/setup.bash'
[6.723s] INFO:colcon.colcon_core.shell:Creating prefix script '/home/emitaker/ros2_ws/install/local_setup.zsh'
[6.726s] INFO:colcon.colcon_core.shell:Creating prefix chain script '/home/emitaker/ros2_ws/install/setup.zsh'
