[1.761s] Invoking command in '/home/emitaker/ros2_ws/src/basic_comm': PYTHONPATH=/home/emitaker/ros2_ws/build/basic_comm/prefix_override:/home/emitaker/.local/lib/python3.10/site-packages/colcon_core/task/python/colcon_distutils_commands:/home/emitaker/ros2_ws/install/basic_comm/lib/python3.10/site-packages:${PYTHONPATH} /usr/bin/python3 -W ignore:setup.py install is deprecated setup.py egg_info --egg-base ../../build/basic_comm build --build-base /home/emitaker/ros2_ws/build/basic_comm/build install --record /home/emitaker/ros2_ws/build/basic_comm/install.log --single-version-externally-managed install_data
[2.020s] running egg_info
[2.023s] writing ../../build/basic_comm/basic_comm.egg-info/PKG-INFO
[2.025s] writing dependency_links to ../../build/basic_comm/basic_comm.egg-info/dependency_links.txt
[2.027s] writing entry points to ../../build/basic_comm/basic_comm.egg-info/entry_points.txt
[2.028s] writing requirements to ../../build/basic_comm/basic_comm.egg-info/requires.txt
[2.028s] writing top-level names to ../../build/basic_comm/basic_comm.egg-info/top_level.txt
[2.032s] reading manifest file '../../build/basic_comm/basic_comm.egg-info/SOURCES.txt'
[2.034s] writing manifest file '../../build/basic_comm/basic_comm.egg-info/SOURCES.txt'
[2.035s] running build
[2.035s] running build_py
[2.035s] running install
[2.036s] running install_lib
[2.039s] running install_data
[2.039s] running install_egg_info
[2.042s] removing '/home/emitaker/ros2_ws/install/basic_comm/lib/python3.10/site-packages/basic_comm-0.0.0-py3.10.egg-info' (and everything under it)
[2.046s] Copying ../../build/basic_comm/basic_comm.egg-info to /home/emitaker/ros2_ws/install/basic_comm/lib/python3.10/site-packages/basic_comm-0.0.0-py3.10.egg-info
[2.052s] running install_scripts
[2.080s] Installing listener script to /home/emitaker/ros2_ws/install/basic_comm/lib/basic_comm
[2.082s] Installing talker script to /home/emitaker/ros2_ws/install/basic_comm/lib/basic_comm
[2.082s] writing list of installed files to '/home/emitaker/ros2_ws/build/basic_comm/install.log'
[2.131s] Invoked command in '/home/emitaker/ros2_ws/src/basic_comm' returned '0': PYTHONPATH=/home/emitaker/ros2_ws/build/basic_comm/prefix_override:/home/emitaker/.local/lib/python3.10/site-packages/colcon_core/task/python/colcon_distutils_commands:/home/emitaker/ros2_ws/install/basic_comm/lib/python3.10/site-packages:${PYTHONPATH} /usr/bin/python3 -W ignore:setup.py install is deprecated setup.py egg_info --egg-base ../../build/basic_comm build --build-base /home/emitaker/ros2_ws/build/basic_comm/build install --record /home/emitaker/ros2_ws/build/basic_comm/install.log --single-version-externally-managed install_data
